This file contains any messages produced by compilers while
running configure, to aid debugging if configure makes a mistake.

It was created by libssh2 configure -, which was
generated by GNU Autoconf 2.69.  Invocation command line was

  $ ./configure --prefix=/home/wei/libssh2 --host=mipsel-openwrt-linux CC=mipsel-openwrt-linux-gcc --with-libssl-prefix=/home/wei/openssl --with-libz-prefix=/home/wei/zlib/ --without-libbcrypt-prefix CPPFLAGS=-I/home/wei/openssl/include LDFLAGS=-L/home/wei/openssl/lib

## --------- ##
## Platform. ##
## --------- ##

hostname = ubuntu
uname -m = x86_64
uname -r = 4.4.0-31-generic
uname -s = Linux
uname -v = #50~14.04.1-Ubuntu SMP Wed Jul 13 01:07:32 UTC 2016

/usr/bin/uname -p = unknown
/bin/uname -X     = unknown

/bin/arch              = unknown
/usr/bin/arch -k       = unknown
/usr/convex/getsysinfo = unknown
/usr/bin/hostinfo      = unknown
/bin/machine           = unknown
/usr/bin/oslevel       = unknown
/bin/universe          = unknown

PATH: /usr/local/sbin
PATH: /usr/local/bin
PATH: /usr/sbin
PATH: /usr/bin
PATH: /sbin
PATH: /bin
PATH: /usr/games
PATH: /usr/local/games
PATH: /root/Desktop/CC_TOOLS/bin


## ----------- ##
## Core tests. ##
## ----------- ##

configure:2411: checking whether to enable maintainer-specific portions of Makefiles
configure:2420: result: no
configure:2444: checking whether make supports nested variables
configure:2461: result: yes
configure:2475: checking for sed
configure:2494: found /bin/sed
configure:2507: result: /bin/sed
configure:2568: checking for a BSD-compatible install
configure:2636: result: /usr/bin/install -c
configure:2647: checking whether build environment is sane
configure:2702: result: yes
configure:2761: checking for mipsel-openwrt-linux-strip
configure:2777: found /root/Desktop/CC_TOOLS/bin/mipsel-openwrt-linux-strip
configure:2788: result: mipsel-openwrt-linux-strip
configure:2853: checking for a thread-safe mkdir -p
configure:2892: result: /bin/mkdir -p
configure:2899: checking for gawk
configure:2915: found /usr/bin/gawk
configure:2926: result: gawk
configure:2937: checking whether make sets $(MAKE)
configure:2959: result: yes
configure:3091: checking libssh2 version
configure:3093: result: 1.9.0
configure:3104: checking build system type
configure:3118: result: x86_64-pc-linux-uclibc
configure:3138: checking host system type
configure:3151: result: mipsel-openwrt-linux-gnu
configure:3178: autobuild project... libssh2
configure:3184: autobuild revision... 1.9.0
configure:3189: autobuild hostname... ubuntu
configure:3200: autobuild timestamp... 20191210-154405
configure:3241: checking for style of include used by make
configure:3269: result: GNU
configure:3300: checking for mipsel-openwrt-linux-gcc
configure:3327: result: mipsel-openwrt-linux-gcc
configure:3596: checking for C compiler version
configure:3605: mipsel-openwrt-linux-gcc --version >&5
mipsel-openwrt-linux-uclibc-gcc.bin (OpenWrt/Linaro GCC 4.8-2014.04 r47072) 4.8.3
Copyright (C) 2013 Free Software Foundation, Inc.
This is free software; see the source for copying conditions.  There is NO
warranty; not even for MERCHANTABILITY or FITNESS FOR A PARTICULAR PURPOSE.

configure:3616: $? = 0
configure:3605: mipsel-openwrt-linux-gcc -v >&5
Reading specs from /root/Desktop/CC_TOOLS/bin/../lib/gcc/mipsel-openwrt-linux-uclibc/4.8.3/specs
COLLECT_GCC=mipsel-openwrt-linux-uclibc-gcc.bin
COLLECT_LTO_WRAPPER=/root/Desktop/CC_TOOLS/bin/../libexec/gcc/mipsel-openwrt-linux-uclibc/4.8.3/lto-wrapper
Target: mipsel-openwrt-linux-uclibc
Configured with: /openwrt/CC/build_dir/toolchain-mipsel_24kec+dsp_gcc-4.8-linaro_uClibc-0.9.33.2/gcc-linaro-4.8-2014.04/configure --with-bugurl=https://dev.openwrt.org/ --with-pkgversion='OpenWrt/Linaro GCC 4.8-2014.04 r47072' --prefix=/openwrt/CC/staging_dir/toolchain-mipsel_24kec+dsp_gcc-4.8-linaro_uClibc-0.9.33.2 --build=x86_64-linux-gnu --host=x86_64-linux-gnu --target=mipsel-openwrt-linux-uclibc --with-gnu-ld --enable-target-optspace --disable-libgomp --disable-libmudflap --disable-multilib --disable-nls --with-host-libstdcxx=-lstdc++ --with-float=soft --with-gmp=/openwrt/CC/staging_dir/host --with-mpfr=/openwrt/CC/staging_dir/host --with-mpc=/openwrt/CC/staging_dir/host --disable-decimal-float --with-mips-plt --disable-libssp --disable-__cxa_atexit --with-headers=/openwrt/CC/staging_dir/toolchain-mipsel_24kec+dsp_gcc-4.8-linaro_uClibc-0.9.33.2/include --disable-libsanitizer --enable-languages=c,c++ --enable-shared --enable-threads --with-slibdir=/openwrt/CC/staging_dir/toolchain-mipsel_24kec+dsp_gcc-4.8-linaro_uClibc-0.9.33.2/lib
Thread model: posix
gcc version 4.8.3 (OpenWrt/Linaro GCC 4.8-2014.04 r47072) 
COMPILER_PATH=/root/Desktop/CC_TOOLS/bin/../libexec/gcc/mipsel-openwrt-linux-uclibc/4.8.3/:/root/Desktop/CC_TOOLS/bin/../libexec/gcc/:/root/Desktop/CC_TOOLS/bin/../lib/gcc/mipsel-openwrt-linux-uclibc/4.8.3/../../../../mipsel-openwrt-linux-uclibc/bin/
LIBRARY_PATH=/root/Desktop/CC_TOOLS/bin/../lib/gcc/mipsel-openwrt-linux-uclibc/4.8.3/:/root/Desktop/CC_TOOLS/bin/../lib/gcc/:/root/Desktop/CC_TOOLS/bin/../lib/gcc/mipsel-openwrt-linux-uclibc/4.8.3/../../../../mipsel-openwrt-linux-uclibc/lib/
mipsel-openwrt-linux-uclibc-gcc.bin: warning: environment variable 'STAGING_DIR' not defined
... rest of stderr output deleted ...
configure:3616: $? = 1
configure:3605: mipsel-openwrt-linux-gcc -V >&5
mipsel-openwrt-linux-uclibc-gcc.bin: error: unrecognized command line option '-V'
configure:3616: $? = 1
configure:3605: mipsel-openwrt-linux-gcc -qversion >&5
mipsel-openwrt-linux-uclibc-gcc.bin: error: unrecognized command line option '-qversion'
configure:3616: $? = 1
configure:3636: checking whether the C compiler works
configure:3658: mipsel-openwrt-linux-gcc  -I/home/wei/openssl/include -L/home/wei/openssl/lib conftest.c  >&5
mipsel-openwrt-linux-uclibc-gcc.bin: warning: environment variable 'STAGING_DIR' not defined
mipsel-openwrt-linux-uclibc-gcc.bin: warning: environment variable 'STAGING_DIR' not defined
mipsel-openwrt-linux-uclibc-gcc.bin: warning: environment variable 'STAGING_DIR' not defined
configure:3662: $? = 0
configure:3710: result: yes
configure:3713: checking for C compiler default output file name
configure:3715: result: a.out
configure:3721: checking for suffix of executables
configure:3728: mipsel-openwrt-linux-gcc -o conftest  -I/home/wei/openssl/include -L/home/wei/openssl/lib conftest.c  >&5
mipsel-openwrt-linux-uclibc-gcc.bin: warning: environment variable 'STAGING_DIR' not defined
mipsel-openwrt-linux-uclibc-gcc.bin: warning: environment variable 'STAGING_DIR' not defined
mipsel-openwrt-linux-uclibc-gcc.bin: warning: environment variable 'STAGING_DIR' not defined
configure:3732: $? = 0
configure:3754: result: 
configure:3776: checking whether we are cross compiling
configure:3784: mipsel-openwrt-linux-gcc -o conftest  -I/home/wei/openssl/include -L/home/wei/openssl/lib conftest.c  >&5
mipsel-openwrt-linux-uclibc-gcc.bin: warning: environment variable 'STAGING_DIR' not defined
mipsel-openwrt-linux-uclibc-gcc.bin: warning: environment variable 'STAGING_DIR' not defined
mipsel-openwrt-linux-uclibc-gcc.bin: warning: environment variable 'STAGING_DIR' not defined
configure:3788: $? = 0
configure:3795: ./conftest
./configure: line 3797: ./conftest: cannot execute binary file: Exec format error
configure:3799: $? = 126
configure:3814: result: yes
configure:3819: checking for suffix of object files
configure:3841: mipsel-openwrt-linux-gcc -c  -I/home/wei/openssl/include conftest.c >&5
mipsel-openwrt-linux-uclibc-gcc.bin: warning: environment variable 'STAGING_DIR' not defined
configure:3845: $? = 0
configure:3866: result: o
configure:3870: checking whether we are using the GNU C compiler
configure:3889: mipsel-openwrt-linux-gcc -c  -I/home/wei/openssl/include conftest.c >&5
mipsel-openwrt-linux-uclibc-gcc.bin: warning: environment variable 'STAGING_DIR' not defined
configure:3889: $? = 0
configure:3898: result: yes
configure:3907: checking whether mipsel-openwrt-linux-gcc accepts -g
configure:3927: mipsel-openwrt-linux-gcc -c -g -I/home/wei/openssl/include conftest.c >&5
mipsel-openwrt-linux-uclibc-gcc.bin: warning: environment variable 'STAGING_DIR' not defined
configure:3927: $? = 0
configure: failed program was:
| /* confdefs.h */
| #define PACKAGE_NAME "libssh2"
| #define PACKAGE_TARNAME "libssh2"
| #define PACKAGE_VERSION "-"
| #define PACKAGE_STRING "libssh2 -"
| #define PACKAGE_BUGREPORT "libssh2-devel@cool.haxx.se"
| #define PACKAGE_URL ""
| #define PACKAGE "libssh2"
| #define VERSION "-"
| /* end confdefs.h.  */
| 
| int
| main ()
| {
| 
|   ;
|   return 0;
| }
configure:3942: mipsel-openwrt-linux-gcc -c  -I/home/wei/openssl/include conftest.c >&5
mipsel-openwrt-linux-uclibc-gcc.bin: warning: environment variable 'STAGING_DIR' not defined
configure:3942: $? = 0
configure: failed program was:
| /* confdefs.h */
| #define PACKAGE_NAME "libssh2"
| #define PACKAGE_TARNAME "libssh2"
| #define PACKAGE_VERSION "-"
| #define PACKAGE_STRING "libssh2 -"
| #define PACKAGE_BUGREPORT "libssh2-devel@cool.haxx.se"
| #define PACKAGE_URL ""
| #define PACKAGE "libssh2"
| #define VERSION "-"
| /* end confdefs.h.  */
| 
| int
| main ()
| {
| 
|   ;
|   return 0;
| }
configure:3958: mipsel-openwrt-linux-gcc -c -g -I/home/wei/openssl/include conftest.c >&5
mipsel-openwrt-linux-uclibc-gcc.bin: warning: environment variable 'STAGING_DIR' not defined
configure:3958: $? = 0
configure:3968: result: yes
configure:3985: checking for mipsel-openwrt-linux-gcc option to accept ISO C89
configure:4048: mipsel-openwrt-linux-gcc  -c -g -O2 -I/home/wei/openssl/include conftest.c >&5
mipsel-openwrt-linux-uclibc-gcc.bin: warning: environment variable 'STAGING_DIR' not defined
configure:4048: $? = 0
configure:4061: result: none needed
configure:4086: checking whether mipsel-openwrt-linux-gcc understands -c and -o together
configure:4108: mipsel-openwrt-linux-gcc -c conftest.c -o conftest2.o
mipsel-openwrt-linux-uclibc-gcc.bin: warning: environment variable 'STAGING_DIR' not defined
configure:4111: $? = 0
configure:4108: mipsel-openwrt-linux-gcc -c conftest.c -o conftest2.o
mipsel-openwrt-linux-uclibc-gcc.bin: warning: environment variable 'STAGING_DIR' not defined
configure:4111: $? = 0
configure:4123: result: yes
configure:4142: checking dependency style of mipsel-openwrt-linux-gcc
configure:4253: result: gcc3
configure:4274: checking how to run the C preprocessor
configure:4305: mipsel-openwrt-linux-gcc -E -I/home/wei/openssl/include conftest.c
mipsel-openwrt-linux-uclibc-gcc.bin: warning: environment variable 'STAGING_DIR' not defined
configure:4305: $? = 0
configure:4319: mipsel-openwrt-linux-gcc -E -I/home/wei/openssl/include conftest.c
mipsel-openwrt-linux-uclibc-gcc.bin: warning: environment variable 'STAGING_DIR' not defined
conftest.c:11:28: fatal error: ac_nonexistent.h: No such file or directory
 #include <ac_nonexistent.h>
                            ^
compilation terminated.
configure:4319: $? = 1
configure: failed program was:
| /* confdefs.h */
| #define PACKAGE_NAME "libssh2"
| #define PACKAGE_TARNAME "libssh2"
| #define PACKAGE_VERSION "-"
| #define PACKAGE_STRING "libssh2 -"
| #define PACKAGE_BUGREPORT "libssh2-devel@cool.haxx.se"
| #define PACKAGE_URL ""
| #define PACKAGE "libssh2"
| #define VERSION "-"
| /* end confdefs.h.  */
| #include <ac_nonexistent.h>
configure:4344: result: mipsel-openwrt-linux-gcc -E
configure:4364: mipsel-openwrt-linux-gcc -E -I/home/wei/openssl/include conftest.c
mipsel-openwrt-linux-uclibc-gcc.bin: warning: environment variable 'STAGING_DIR' not defined
configure:4364: $? = 0
configure:4378: mipsel-openwrt-linux-gcc -E -I/home/wei/openssl/include conftest.c
mipsel-openwrt-linux-uclibc-gcc.bin: warning: environment variable 'STAGING_DIR' not defined
conftest.c:11:28: fatal error: ac_nonexistent.h: No such file or directory
 #include <ac_nonexistent.h>
                            ^
compilation terminated.
configure:4378: $? = 1
configure: failed program was:
| /* confdefs.h */
| #define PACKAGE_NAME "libssh2"
| #define PACKAGE_TARNAME "libssh2"
| #define PACKAGE_VERSION "-"
| #define PACKAGE_STRING "libssh2 -"
| #define PACKAGE_BUGREPORT "libssh2-devel@cool.haxx.se"
| #define PACKAGE_URL ""
| #define PACKAGE "libssh2"
| #define VERSION "-"
| /* end confdefs.h.  */
| #include <ac_nonexistent.h>
configure:4407: checking for grep that handles long lines and -e
configure:4465: result: /bin/grep
configure:4470: checking for egrep
configure:4532: result: /bin/grep -E
configure:4537: checking for ANSI C header files
configure:4557: mipsel-openwrt-linux-gcc -c -g -O2 -I/home/wei/openssl/include conftest.c >&5
mipsel-openwrt-linux-uclibc-gcc.bin: warning: environment variable 'STAGING_DIR' not defined
configure:4557: $? = 0
mipsel-openwrt-linux-uclibc-gcc.bin: warning: environment variable 'STAGING_DIR' not defined
mipsel-openwrt-linux-uclibc-gcc.bin: warning: environment variable 'STAGING_DIR' not defined
configure:4641: result: yes
configure:4654: checking for sys/types.h
configure:4654: mipsel-openwrt-linux-gcc -c -g -O2 -I/home/wei/openssl/include conftest.c >&5
mipsel-openwrt-linux-uclibc-gcc.bin: warning: environment variable 'STAGING_DIR' not defined
configure:4654: $? = 0
configure:4654: result: yes
configure:4654: checking for sys/stat.h
configure:4654: mipsel-openwrt-linux-gcc -c -g -O2 -I/home/wei/openssl/include conftest.c >&5
mipsel-openwrt-linux-uclibc-gcc.bin: warning: environment variable 'STAGING_DIR' not defined
configure:4654: $? = 0
configure:4654: result: yes
configure:4654: checking for stdlib.h
configure:4654: mipsel-openwrt-linux-gcc -c -g -O2 -I/home/wei/openssl/include conftest.c >&5
mipsel-openwrt-linux-uclibc-gcc.bin: warning: environment variable 'STAGING_DIR' not defined
configure:4654: $? = 0
configure:4654: result: yes
configure:4654: checking for string.h
configure:4654: mipsel-openwrt-linux-gcc -c -g -O2 -I/home/wei/openssl/include conftest.c >&5
mipsel-openwrt-linux-uclibc-gcc.bin: warning: environment variable 'STAGING_DIR' not defined
configure:4654: $? = 0
configure:4654: result: yes
configure:4654: checking for memory.h
configure:4654: mipsel-openwrt-linux-gcc -c -g -O2 -I/home/wei/openssl/include conftest.c >&5
mipsel-openwrt-linux-uclibc-gcc.bin: warning: environment variable 'STAGING_DIR' not defined
configure:4654: $? = 0
configure:4654: result: yes
configure:4654: checking for strings.h
configure:4654: mipsel-openwrt-linux-gcc -c -g -O2 -I/home/wei/openssl/include conftest.c >&5
mipsel-openwrt-linux-uclibc-gcc.bin: warning: environment variable 'STAGING_DIR' not defined
configure:4654: $? = 0
configure:4654: result: yes
configure:4654: checking for inttypes.h
configure:4654: mipsel-openwrt-linux-gcc -c -g -O2 -I/home/wei/openssl/include conftest.c >&5
mipsel-openwrt-linux-uclibc-gcc.bin: warning: environment variable 'STAGING_DIR' not defined
configure:4654: $? = 0
configure:4654: result: yes
configure:4654: checking for stdint.h
configure:4654: mipsel-openwrt-linux-gcc -c -g -O2 -I/home/wei/openssl/include conftest.c >&5
mipsel-openwrt-linux-uclibc-gcc.bin: warning: environment variable 'STAGING_DIR' not defined
configure:4654: $? = 0
configure:4654: result: yes
configure:4654: checking for unistd.h
configure:4654: mipsel-openwrt-linux-gcc -c -g -O2 -I/home/wei/openssl/include conftest.c >&5
mipsel-openwrt-linux-uclibc-gcc.bin: warning: environment variable 'STAGING_DIR' not defined
configure:4654: $? = 0
configure:4654: result: yes
configure:4666: checking for long long
configure:4666: mipsel-openwrt-linux-gcc -c -g -O2 -I/home/wei/openssl/include conftest.c >&5
mipsel-openwrt-linux-uclibc-gcc.bin: warning: environment variable 'STAGING_DIR' not defined
configure:4666: $? = 0
configure:4666: mipsel-openwrt-linux-gcc -c -g -O2 -I/home/wei/openssl/include conftest.c >&5
mipsel-openwrt-linux-uclibc-gcc.bin: warning: environment variable 'STAGING_DIR' not defined
conftest.c: In function 'main':
conftest.c:57:24: error: expected expression before ')' token
 if (sizeof ((long long)))
                        ^
configure:4666: $? = 1
configure: failed program was:
| /* confdefs.h */
| #define PACKAGE_NAME "libssh2"
| #define PACKAGE_TARNAME "libssh2"
| #define PACKAGE_VERSION "-"
| #define PACKAGE_STRING "libssh2 -"
| #define PACKAGE_BUGREPORT "libssh2-devel@cool.haxx.se"
| #define PACKAGE_URL ""
| #define PACKAGE "libssh2"
| #define VERSION "-"
| #define STDC_HEADERS 1
| #define HAVE_SYS_TYPES_H 1
| #define HAVE_SYS_STAT_H 1
| #define HAVE_STDLIB_H 1
| #define HAVE_STRING_H 1
| #define HAVE_MEMORY_H 1
| #define HAVE_STRINGS_H 1
| #define HAVE_INTTYPES_H 1
| #define HAVE_STDINT_H 1
| #define HAVE_UNISTD_H 1
| /* end confdefs.h.  */
| #include <stdio.h>
| #ifdef HAVE_SYS_TYPES_H
| # include <sys/types.h>
| #endif
| #ifdef HAVE_SYS_STAT_H
| # include <sys/stat.h>
| #endif
| #ifdef STDC_HEADERS
| # include <stdlib.h>
| # include <stddef.h>
| #else
| # ifdef HAVE_STDLIB_H
| #  include <stdlib.h>
| # endif
| #endif
| #ifdef HAVE_STRING_H
| # if !defined STDC_HEADERS && defined HAVE_MEMORY_H
| #  include <memory.h>
| # endif
| # include <string.h>
| #endif
| #ifdef HAVE_STRINGS_H
| # include <strings.h>
| #endif
| #ifdef HAVE_INTTYPES_H
| # include <inttypes.h>
| #endif
| #ifdef HAVE_STDINT_H
| # include <stdint.h>
| #endif
| #ifdef HAVE_UNISTD_H
| # include <unistd.h>
| #endif
| int
| main ()
| {
| if (sizeof ((long long)))
| 	    return 0;
|   ;
|   return 0;
| }
configure:4666: result: yes
configure:4678: checking if _REENTRANT is already defined
configure:4700: mipsel-openwrt-linux-gcc -c -g -O2 -I/home/wei/openssl/include conftest.c >&5
mipsel-openwrt-linux-uclibc-gcc.bin: warning: environment variable 'STAGING_DIR' not defined
conftest.c: In function 'main':
conftest.c:32:7: error: unknown type name 'force'
       force compilation error
       ^
conftest.c:32:25: error: expected '=', ',', ';', 'asm' or '__attribute__' before 'error'
       force compilation error
                         ^
configure:4700: $? = 1
configure: failed program was:
| /* confdefs.h */
| #define PACKAGE_NAME "libssh2"
| #define PACKAGE_TARNAME "libssh2"
| #define PACKAGE_VERSION "-"
| #define PACKAGE_STRING "libssh2 -"
| #define PACKAGE_BUGREPORT "libssh2-devel@cool.haxx.se"
| #define PACKAGE_URL ""
| #define PACKAGE "libssh2"
| #define VERSION "-"
| #define STDC_HEADERS 1
| #define HAVE_SYS_TYPES_H 1
| #define HAVE_SYS_STAT_H 1
| #define HAVE_STDLIB_H 1
| #define HAVE_STRING_H 1
| #define HAVE_MEMORY_H 1
| #define HAVE_STRINGS_H 1
| #define HAVE_INTTYPES_H 1
| #define HAVE_STDINT_H 1
| #define HAVE_UNISTD_H 1
| #define HAVE_LONGLONG 1
| /* end confdefs.h.  */
| 
| 
| 
| int
| main ()
| {
| 
| #ifdef _REENTRANT
|       int dummy=1;
| #else
|       force compilation error
| #endif
| 
|   ;
|   return 0;
| }
| 
configure:4708: result: no
configure:4716: checking if _REENTRANT is actually needed
configure:4733: result: no
configure:4738: checking if _REENTRANT is onwards defined
configure:4755: result: no
configure:4762: checking for library containing socket
configure:4793: mipsel-openwrt-linux-gcc -o conftest -g -O2 -I/home/wei/openssl/include -L/home/wei/openssl/lib conftest.c  >&5
mipsel-openwrt-linux-uclibc-gcc.bin: warning: environment variable 'STAGING_DIR' not defined
mipsel-openwrt-linux-uclibc-gcc.bin: warning: environment variable 'STAGING_DIR' not defined
mipsel-openwrt-linux-uclibc-gcc.bin: warning: environment variable 'STAGING_DIR' not defined
configure:4793: $? = 0
configure:4810: result: none required
configure:4820: checking for library containing inet_addr
configure:4851: mipsel-openwrt-linux-gcc -o conftest -g -O2 -I/home/wei/openssl/include -L/home/wei/openssl/lib conftest.c  >&5
mipsel-openwrt-linux-uclibc-gcc.bin: warning: environment variable 'STAGING_DIR' not defined
mipsel-openwrt-linux-uclibc-gcc.bin: warning: environment variable 'STAGING_DIR' not defined
mipsel-openwrt-linux-uclibc-gcc.bin: warning: environment variable 'STAGING_DIR' not defined
configure:4851: $? = 0
configure:4868: result: none required
configure:4887: checking for mipsel-openwrt-linux-gcc
configure:4914: result: mipsel-openwrt-linux-gcc
configure:5183: checking for C compiler version
configure:5192: mipsel-openwrt-linux-gcc --version >&5
mipsel-openwrt-linux-uclibc-gcc.bin (OpenWrt/Linaro GCC 4.8-2014.04 r47072) 4.8.3
Copyright (C) 2013 Free Software Foundation, Inc.
This is free software; see the source for copying conditions.  There is NO
warranty; not even for MERCHANTABILITY or FITNESS FOR A PARTICULAR PURPOSE.

configure:5203: $? = 0
configure:5192: mipsel-openwrt-linux-gcc -v >&5
Reading specs from /root/Desktop/CC_TOOLS/bin/../lib/gcc/mipsel-openwrt-linux-uclibc/4.8.3/specs
COLLECT_GCC=mipsel-openwrt-linux-uclibc-gcc.bin
COLLECT_LTO_WRAPPER=/root/Desktop/CC_TOOLS/bin/../libexec/gcc/mipsel-openwrt-linux-uclibc/4.8.3/lto-wrapper
Target: mipsel-openwrt-linux-uclibc
Configured with: /openwrt/CC/build_dir/toolchain-mipsel_24kec+dsp_gcc-4.8-linaro_uClibc-0.9.33.2/gcc-linaro-4.8-2014.04/configure --with-bugurl=https://dev.openwrt.org/ --with-pkgversion='OpenWrt/Linaro GCC 4.8-2014.04 r47072' --prefix=/openwrt/CC/staging_dir/toolchain-mipsel_24kec+dsp_gcc-4.8-linaro_uClibc-0.9.33.2 --build=x86_64-linux-gnu --host=x86_64-linux-gnu --target=mipsel-openwrt-linux-uclibc --with-gnu-ld --enable-target-optspace --disable-libgomp --disable-libmudflap --disable-multilib --disable-nls --with-host-libstdcxx=-lstdc++ --with-float=soft --with-gmp=/openwrt/CC/staging_dir/host --with-mpfr=/openwrt/CC/staging_dir/host --with-mpc=/openwrt/CC/staging_dir/host --disable-decimal-float --with-mips-plt --disable-libssp --disable-__cxa_atexit --with-headers=/openwrt/CC/staging_dir/toolchain-mipsel_24kec+dsp_gcc-4.8-linaro_uClibc-0.9.33.2/include --disable-libsanitizer --enable-languages=c,c++ --enable-shared --enable-threads --with-slibdir=/openwrt/CC/staging_dir/toolchain-mipsel_24kec+dsp_gcc-4.8-linaro_uClibc-0.9.33.2/lib
Thread model: posix
gcc version 4.8.3 (OpenWrt/Linaro GCC 4.8-2014.04 r47072) 
COMPILER_PATH=/root/Desktop/CC_TOOLS/bin/../libexec/gcc/mipsel-openwrt-linux-uclibc/4.8.3/:/root/Desktop/CC_TOOLS/bin/../libexec/gcc/:/root/Desktop/CC_TOOLS/bin/../lib/gcc/mipsel-openwrt-linux-uclibc/4.8.3/../../../../mipsel-openwrt-linux-uclibc/bin/
LIBRARY_PATH=/root/Desktop/CC_TOOLS/bin/../lib/gcc/mipsel-openwrt-linux-uclibc/4.8.3/:/root/Desktop/CC_TOOLS/bin/../lib/gcc/:/root/Desktop/CC_TOOLS/bin/../lib/gcc/mipsel-openwrt-linux-uclibc/4.8.3/../../../../mipsel-openwrt-linux-uclibc/lib/
mipsel-openwrt-linux-uclibc-gcc.bin: warning: environment variable 'STAGING_DIR' not defined
... rest of stderr output deleted ...
configure:5203: $? = 1
configure:5192: mipsel-openwrt-linux-gcc -V >&5
mipsel-openwrt-linux-uclibc-gcc.bin: error: unrecognized command line option '-V'
configure:5203: $? = 1
configure:5192: mipsel-openwrt-linux-gcc -qversion >&5
mipsel-openwrt-linux-uclibc-gcc.bin: error: unrecognized command line option '-qversion'
configure:5203: $? = 1
configure:5207: checking whether we are using the GNU C compiler
configure:5235: result: yes
configure:5244: checking whether mipsel-openwrt-linux-gcc accepts -g
configure:5305: result: yes
configure:5322: checking for mipsel-openwrt-linux-gcc option to accept ISO C89
configure:5398: result: none needed
configure:5423: checking whether mipsel-openwrt-linux-gcc understands -c and -o together
configure:5460: result: yes
configure:5479: checking dependency style of mipsel-openwrt-linux-gcc
configure:5590: result: gcc3
configure:5606: checking whether ln -s works
configure:5610: result: yes
configure:5617: checking whether make sets $(MAKE)
configure:5639: result: yes
configure:5652: checking for sshd
configure:5685: result: no
configure:6050: checking how to print strings
configure:6077: result: printf
configure:6098: checking for a sed that does not truncate output
configure:6162: result: /bin/sed
configure:6180: checking for fgrep
configure:6242: result: /bin/grep -F
configure:6277: checking for ld used by mipsel-openwrt-linux-gcc
configure:6344: result: /root/Desktop/CC_TOOLS/mipsel-openwrt-linux-uclibc/bin/ld
configure:6351: checking if the linker (/root/Desktop/CC_TOOLS/mipsel-openwrt-linux-uclibc/bin/ld) is GNU ld
configure:6366: result: yes
configure:6378: checking for BSD- or MS-compatible name lister (nm)
configure:6427: result: /root/Desktop/CC_TOOLS/bin/mipsel-openwrt-linux-nm -B
configure:6557: checking the name lister (/root/Desktop/CC_TOOLS/bin/mipsel-openwrt-linux-nm -B) interface
configure:6564: mipsel-openwrt-linux-gcc -c -g -O2 -I/home/wei/openssl/include conftest.c >&5
mipsel-openwrt-linux-uclibc-gcc.bin: warning: environment variable 'STAGING_DIR' not defined
configure:6567: /root/Desktop/CC_TOOLS/bin/mipsel-openwrt-linux-nm -B "conftest.o"
configure:6570: output
00000000 B some_variable
configure:6577: result: BSD nm
configure:6581: checking the maximum length of command line arguments
configure:6712: result: 1572864
configure:6729: checking whether the shell understands some XSI constructs
configure:6739: result: yes
configure:6743: checking whether the shell understands "+="
configure:6749: result: yes
configure:6784: checking how to convert x86_64-pc-linux-uclibc file names to mipsel-openwrt-linux-gnu format
configure:6824: result: func_convert_file_noop
configure:6831: checking how to convert x86_64-pc-linux-uclibc file names to toolchain format
configure:6851: result: func_convert_file_noop
configure:6858: checking for /root/Desktop/CC_TOOLS/mipsel-openwrt-linux-uclibc/bin/ld option to reload object files
configure:6865: result: -r
configure:6899: checking for mipsel-openwrt-linux-objdump
configure:6926: result: objdump
configure:6995: checking how to recognize dependent libraries
configure:7193: result: pass_all
configure:7238: checking for mipsel-openwrt-linux-dlltool
configure:7265: result: dlltool
configure:7335: checking how to associate runtime and link libraries
configure:7362: result: printf %s\n
configure:7378: checking for mipsel-openwrt-linux-ar
configure:7394: found /root/Desktop/CC_TOOLS/bin/mipsel-openwrt-linux-ar
configure:7405: result: mipsel-openwrt-linux-ar
configure:7486: checking for archiver @FILE support
configure:7503: mipsel-openwrt-linux-gcc -c -g -O2 -I/home/wei/openssl/include conftest.c >&5
mipsel-openwrt-linux-uclibc-gcc.bin: warning: environment variable 'STAGING_DIR' not defined
configure:7503: $? = 0
configure:7506: mipsel-openwrt-linux-ar cru libconftest.a @conftest.lst >&5
configure:7509: $? = 0
configure:7514: mipsel-openwrt-linux-ar cru libconftest.a @conftest.lst >&5
mipsel-openwrt-linux-ar: conftest.o: No such file or directory
configure:7517: $? = 1
configure:7529: result: @
configure:7547: checking for mipsel-openwrt-linux-strip
configure:7574: result: mipsel-openwrt-linux-strip
configure:7646: checking for mipsel-openwrt-linux-ranlib
configure:7662: found /root/Desktop/CC_TOOLS/bin/mipsel-openwrt-linux-ranlib
configure:7673: result: mipsel-openwrt-linux-ranlib
configure:7815: checking command to parse /root/Desktop/CC_TOOLS/bin/mipsel-openwrt-linux-nm -B output from mipsel-openwrt-linux-gcc object
configure:7935: mipsel-openwrt-linux-gcc -c -g -O2 -I/home/wei/openssl/include conftest.c >&5
mipsel-openwrt-linux-uclibc-gcc.bin: warning: environment variable 'STAGING_DIR' not defined
configure:7938: $? = 0
configure:7942: /root/Desktop/CC_TOOLS/bin/mipsel-openwrt-linux-nm -B conftest.o \| sed -n -e 's/^.*[ ]\([ABCDGIRSTW][ABCDGIRSTW]*\)[ ][ ]*\([_A-Za-z][_A-Za-z0-9]*\)$/\1 \2 \2/p' | sed '/ __gnu_lto/d' \> conftest.nm
configure:7945: $? = 0
configure:8011: mipsel-openwrt-linux-gcc -o conftest -g -O2 -I/home/wei/openssl/include -L/home/wei/openssl/lib conftest.c conftstm.o >&5
mipsel-openwrt-linux-uclibc-gcc.bin: warning: environment variable 'STAGING_DIR' not defined
mipsel-openwrt-linux-uclibc-gcc.bin: warning: environment variable 'STAGING_DIR' not defined
mipsel-openwrt-linux-uclibc-gcc.bin: warning: environment variable 'STAGING_DIR' not defined
configure:8014: $? = 0
configure:8052: result: ok
configure:8089: checking for sysroot
configure:8119: result: no
configure:8348: checking for mipsel-openwrt-linux-mt
configure:8378: result: no
configure:8388: checking for mt
configure:8404: found /bin/mt
configure:8415: result: mt
configure:8427: WARNING: using cross tools not prefixed with host triplet
configure:8438: checking if mt is a manifest tool
configure:8444: mt '-?'
configure:8452: result: no
configure:9091: checking for dlfcn.h
configure:9091: mipsel-openwrt-linux-gcc -c -g -O2 -I/home/wei/openssl/include conftest.c >&5
mipsel-openwrt-linux-uclibc-gcc.bin: warning: environment variable 'STAGING_DIR' not defined
configure:9091: $? = 0
configure:9091: result: yes
configure:9295: checking for objdir
configure:9310: result: .libs
configure:9581: checking if mipsel-openwrt-linux-gcc supports -fno-rtti -fno-exceptions
configure:9599: mipsel-openwrt-linux-gcc -c -g -O2 -I/home/wei/openssl/include -fno-rtti -fno-exceptions conftest.c >&5
mipsel-openwrt-linux-uclibc-gcc.bin: warning: environment variable 'STAGING_DIR' not defined
cc1: warning: command line option '-fno-rtti' is valid for C++/ObjC++ but not for C [enabled by default]
configure:9603: $? = 0
configure:9616: result: no
configure:9943: checking for mipsel-openwrt-linux-gcc option to produce PIC
configure:9950: result: -fPIC -DPIC
configure:9958: checking if mipsel-openwrt-linux-gcc PIC flag -fPIC -DPIC works
configure:9976: mipsel-openwrt-linux-gcc -c -g -O2 -I/home/wei/openssl/include -fPIC -DPIC -DPIC conftest.c >&5
mipsel-openwrt-linux-uclibc-gcc.bin: warning: environment variable 'STAGING_DIR' not defined
configure:9980: $? = 0
configure:9993: result: yes
configure:10022: checking if mipsel-openwrt-linux-gcc static flag -static works
mipsel-openwrt-linux-uclibc-gcc.bin: warning: environment variable 'STAGING_DIR' not defined
mipsel-openwrt-linux-uclibc-gcc.bin: warning: environment variable 'STAGING_DIR' not defined
mipsel-openwrt-linux-uclibc-gcc.bin: warning: environment variable 'STAGING_DIR' not defined
configure:10050: result: yes
configure:10065: checking if mipsel-openwrt-linux-gcc supports -c -o file.o
configure:10086: mipsel-openwrt-linux-gcc -c -g -O2 -I/home/wei/openssl/include -o out/conftest2.o conftest.c >&5
mipsel-openwrt-linux-uclibc-gcc.bin: warning: environment variable 'STAGING_DIR' not defined
configure:10090: $? = 0
configure:10112: result: yes
configure:10120: checking if mipsel-openwrt-linux-gcc supports -c -o file.o
configure:10167: result: yes
configure:10200: checking whether the mipsel-openwrt-linux-gcc linker (/root/Desktop/CC_TOOLS/mipsel-openwrt-linux-uclibc/bin/ld) supports shared libraries
configure:11357: result: yes
configure:11394: checking whether -lc should be explicitly linked in
configure:11402: mipsel-openwrt-linux-gcc -c -g -O2 -I/home/wei/openssl/include conftest.c >&5
mipsel-openwrt-linux-uclibc-gcc.bin: warning: environment variable 'STAGING_DIR' not defined
configure:11405: $? = 0
configure:11420: mipsel-openwrt-linux-gcc -shared  -fPIC -DPIC conftest.o  -v -Wl,-soname -Wl,conftest -o conftest 2\>\&1 \| /bin/grep  -lc  \>/dev/null 2\>\&1
configure:11423: $? = 0
configure:11437: result: no
configure:11597: checking dynamic linker characteristics
configure:12097: mipsel-openwrt-linux-gcc -o conftest -g -O2 -I/home/wei/openssl/include -L/home/wei/openssl/lib -Wl,-rpath -Wl,/foo conftest.c  >&5
mipsel-openwrt-linux-uclibc-gcc.bin: warning: environment variable 'STAGING_DIR' not defined
mipsel-openwrt-linux-uclibc-gcc.bin: warning: environment variable 'STAGING_DIR' not defined
mipsel-openwrt-linux-uclibc-gcc.bin: warning: environment variable 'STAGING_DIR' not defined
configure:12097: $? = 0
configure:12331: result: GNU/Linux ld.so
configure:12438: checking how to hardcode library paths into programs
configure:12463: result: immediate
configure:13003: checking whether stripping libraries is possible
configure:13008: result: yes
configure:13043: checking if libtool supports shared libraries
configure:13045: result: yes
configure:13048: checking whether to build shared libraries
configure:13069: result: yes
configure:13072: checking whether to build static libraries
configure:13076: result: yes
configure:13113: checking whether byte ordering is bigendian
configure:13128: mipsel-openwrt-linux-gcc -c -g -O2 -I/home/wei/openssl/include conftest.c >&5
mipsel-openwrt-linux-uclibc-gcc.bin: warning: environment variable 'STAGING_DIR' not defined
conftest.c:25:9: error: unknown type name 'not'
         not a universal capable compiler
         ^
conftest.c:25:15: error: expected '=', ',', ';', 'asm' or '__attribute__' before 'universal'
         not a universal capable compiler
               ^
conftest.c:25:15: error: unknown type name 'universal'
configure:13128: $? = 1
configure: failed program was:
| /* confdefs.h */
| #define PACKAGE_NAME "libssh2"
| #define PACKAGE_TARNAME "libssh2"
| #define PACKAGE_VERSION "-"
| #define PACKAGE_STRING "libssh2 -"
| #define PACKAGE_BUGREPORT "libssh2-devel@cool.haxx.se"
| #define PACKAGE_URL ""
| #define PACKAGE "libssh2"
| #define VERSION "-"
| #define STDC_HEADERS 1
| #define HAVE_SYS_TYPES_H 1
| #define HAVE_SYS_STAT_H 1
| #define HAVE_STDLIB_H 1
| #define HAVE_STRING_H 1
| #define HAVE_MEMORY_H 1
| #define HAVE_STRINGS_H 1
| #define HAVE_INTTYPES_H 1
| #define HAVE_STDINT_H 1
| #define HAVE_UNISTD_H 1
| #define HAVE_LONGLONG 1
| #define HAVE_DLFCN_H 1
| #define LT_OBJDIR ".libs/"
| /* end confdefs.h.  */
| #ifndef __APPLE_CC__
| 	       not a universal capable compiler
| 	     #endif
| 	     typedef int dummy;
| 
configure:13173: mipsel-openwrt-linux-gcc -c -g -O2 -I/home/wei/openssl/include conftest.c >&5
mipsel-openwrt-linux-uclibc-gcc.bin: warning: environment variable 'STAGING_DIR' not defined
configure:13173: $? = 0
configure:13191: mipsel-openwrt-linux-gcc -c -g -O2 -I/home/wei/openssl/include conftest.c >&5
mipsel-openwrt-linux-uclibc-gcc.bin: warning: environment variable 'STAGING_DIR' not defined
conftest.c: In function 'main':
conftest.c:31:4: error: unknown type name 'not'
    not big endian
    ^
conftest.c:31:12: error: expected '=', ',', ';', 'asm' or '__attribute__' before 'endian'
    not big endian
            ^
configure:13191: $? = 1
configure: failed program was:
| /* confdefs.h */
| #define PACKAGE_NAME "libssh2"
| #define PACKAGE_TARNAME "libssh2"
| #define PACKAGE_VERSION "-"
| #define PACKAGE_STRING "libssh2 -"
| #define PACKAGE_BUGREPORT "libssh2-devel@cool.haxx.se"
| #define PACKAGE_URL ""
| #define PACKAGE "libssh2"
| #define VERSION "-"
| #define STDC_HEADERS 1
| #define HAVE_SYS_TYPES_H 1
| #define HAVE_SYS_STAT_H 1
| #define HAVE_STDLIB_H 1
| #define HAVE_STRING_H 1
| #define HAVE_MEMORY_H 1
| #define HAVE_STRINGS_H 1
| #define HAVE_INTTYPES_H 1
| #define HAVE_STDINT_H 1
| #define HAVE_UNISTD_H 1
| #define HAVE_LONGLONG 1
| #define HAVE_DLFCN_H 1
| #define LT_OBJDIR ".libs/"
| /* end confdefs.h.  */
| #include <sys/types.h>
| 		#include <sys/param.h>
| 
| int
| main ()
| {
| #if BYTE_ORDER != BIG_ENDIAN
| 		 not big endian
| 		#endif
| 
|   ;
|   return 0;
| }
configure:13319: result: no
configure:13345: checking for special C compiler options needed for large files
configure:13390: result: no
configure:13396: checking for _FILE_OFFSET_BITS value needed for large files
configure:13421: mipsel-openwrt-linux-gcc -c -g -O2 -I/home/wei/openssl/include conftest.c >&5
mipsel-openwrt-linux-uclibc-gcc.bin: warning: environment variable 'STAGING_DIR' not defined
conftest.c:30:7: error: size of array 'off_t_is_large' is negative
   int off_t_is_large[(LARGE_OFF_T % 2147483629 == 721
       ^
configure:13421: $? = 1
configure: failed program was:
| /* confdefs.h */
| #define PACKAGE_NAME "libssh2"
| #define PACKAGE_TARNAME "libssh2"
| #define PACKAGE_VERSION "-"
| #define PACKAGE_STRING "libssh2 -"
| #define PACKAGE_BUGREPORT "libssh2-devel@cool.haxx.se"
| #define PACKAGE_URL ""
| #define PACKAGE "libssh2"
| #define VERSION "-"
| #define STDC_HEADERS 1
| #define HAVE_SYS_TYPES_H 1
| #define HAVE_SYS_STAT_H 1
| #define HAVE_STDLIB_H 1
| #define HAVE_STRING_H 1
| #define HAVE_MEMORY_H 1
| #define HAVE_STRINGS_H 1
| #define HAVE_INTTYPES_H 1
| #define HAVE_STDINT_H 1
| #define HAVE_UNISTD_H 1
| #define HAVE_LONGLONG 1
| #define HAVE_DLFCN_H 1
| #define LT_OBJDIR ".libs/"
| /* end confdefs.h.  */
| #include <sys/types.h>
|  /* Check that off_t can represent 2**63 - 1 correctly.
|     We can't simply define LARGE_OFF_T to be 9223372036854775807,
|     since some C++ compilers masquerading as C compilers
|     incorrectly reject 9223372036854775807.  */
| #define LARGE_OFF_T ((((off_t) 1 << 31) << 31) - 1 + (((off_t) 1 << 31) << 31))
|   int off_t_is_large[(LARGE_OFF_T % 2147483629 == 721
| 		       && LARGE_OFF_T % 2147483647 == 1)
| 		      ? 1 : -1];
| int
| main ()
| {
| 
|   ;
|   return 0;
| }
configure:13445: mipsel-openwrt-linux-gcc -c -g -O2 -I/home/wei/openssl/include conftest.c >&5
mipsel-openwrt-linux-uclibc-gcc.bin: warning: environment variable 'STAGING_DIR' not defined
configure:13445: $? = 0
configure:13453: result: 64
configure:13603: checking for ld used by GCC
configure:13667: result: /root/Desktop/CC_TOOLS/mipsel-openwrt-linux-uclibc/bin/ld
configure:13674: checking if the linker (/root/Desktop/CC_TOOLS/mipsel-openwrt-linux-uclibc/bin/ld) is GNU ld
configure:13687: result: yes
configure:13694: checking for shared library run path origin
configure:13707: result: done
configure:14224: checking for libssl
configure:14243: mipsel-openwrt-linux-gcc -o conftest -g -O2 -I/home/wei/openssl/include -I/home/wei/openssl/include -L/home/wei/openssl/lib -L/home/wei/openssl/lib conftest.c  /home/wei/openssl/lib/libssl.so /home/wei/openssl/lib/libcrypto.so -Wl,-rpath -Wl,/home/wei/openssl/lib >&5
mipsel-openwrt-linux-uclibc-gcc.bin: warning: environment variable 'STAGING_DIR' not defined
mipsel-openwrt-linux-uclibc-gcc.bin: warning: environment variable 'STAGING_DIR' not defined
mipsel-openwrt-linux-uclibc-gcc.bin: warning: environment variable 'STAGING_DIR' not defined
/home/wei/openssl/lib/libcrypto.so: warning: gethostbyname is obsolescent, use getnameinfo() instead.
/root/Desktop/CC_TOOLS/bin/../lib/gcc/mipsel-openwrt-linux-uclibc/4.8.3/../../../../mipsel-openwrt-linux-uclibc/bin/ld: warning: libdl.so.0, needed by /home/wei/openssl/lib/libssl.so, not found (try using -rpath or -rpath-link)
/root/Desktop/CC_TOOLS/bin/../lib/gcc/mipsel-openwrt-linux-uclibc/4.8.3/../../../../mipsel-openwrt-linux-uclibc/bin/ld: warning: libpthread.so.0, needed by /home/wei/openssl/lib/libssl.so, not found (try using -rpath or -rpath-link)
/home/wei/openssl/lib/libcrypto.so: undefined reference to `pthread_key_create'
/home/wei/openssl/lib/libcrypto.so: undefined reference to `dlsym'
/home/wei/openssl/lib/libcrypto.so: undefined reference to `pthread_rwlock_rdlock'
/home/wei/openssl/lib/libcrypto.so: undefined reference to `pthread_once'
/home/wei/openssl/lib/libcrypto.so: undefined reference to `dlerror'
/home/wei/openssl/lib/libcrypto.so: undefined reference to `pthread_getspecific'
/home/wei/openssl/lib/libcrypto.so: undefined reference to `pthread_rwlock_wrlock'
/home/wei/openssl/lib/libcrypto.so: undefined reference to `dladdr'
/home/wei/openssl/lib/libcrypto.so: undefined reference to `pthread_rwlock_destroy'
/home/wei/openssl/lib/libcrypto.so: undefined reference to `pthread_rwlock_init'
/home/wei/openssl/lib/libcrypto.so: undefined reference to `pthread_rwlock_unlock'
/home/wei/openssl/lib/libcrypto.so: undefined reference to `pthread_key_delete'
/home/wei/openssl/lib/libcrypto.so: undefined reference to `dlopen'
/home/wei/openssl/lib/libcrypto.so: undefined reference to `pthread_setspecific'
/home/wei/openssl/lib/libcrypto.so: undefined reference to `dlclose'
collect2: error: ld returned 1 exit status
configure:14243: $? = 1
configure: failed program was:
| /* confdefs.h */
| #define PACKAGE_NAME "libssh2"
| #define PACKAGE_TARNAME "libssh2"
| #define PACKAGE_VERSION "-"
| #define PACKAGE_STRING "libssh2 -"
| #define PACKAGE_BUGREPORT "libssh2-devel@cool.haxx.se"
| #define PACKAGE_URL ""
| #define PACKAGE "libssh2"
| #define VERSION "-"
| #define STDC_HEADERS 1
| #define HAVE_SYS_TYPES_H 1
| #define HAVE_SYS_STAT_H 1
| #define HAVE_STDLIB_H 1
| #define HAVE_STRING_H 1
| #define HAVE_MEMORY_H 1
| #define HAVE_STRINGS_H 1
| #define HAVE_INTTYPES_H 1
| #define HAVE_STDINT_H 1
| #define HAVE_UNISTD_H 1
| #define HAVE_LONGLONG 1
| #define HAVE_DLFCN_H 1
| #define LT_OBJDIR ".libs/"
| #define _FILE_OFFSET_BITS 64
| /* end confdefs.h.  */
| #include <openssl/ssl.h>
| int
| main ()
| {
| 
|   ;
|   return 0;
| }
configure:14253: result: no
configure:14795: checking for libgcrypt
configure:14814: mipsel-openwrt-linux-gcc -o conftest -g -O2 -I/home/wei/openssl/include -L/home/wei/openssl/lib conftest.c  -lgcrypt >&5
mipsel-openwrt-linux-uclibc-gcc.bin: warning: environment variable 'STAGING_DIR' not defined
mipsel-openwrt-linux-uclibc-gcc.bin: warning: environment variable 'STAGING_DIR' not defined
mipsel-openwrt-linux-uclibc-gcc.bin: warning: environment variable 'STAGING_DIR' not defined
/root/Desktop/CC_TOOLS/bin/../lib/gcc/mipsel-openwrt-linux-uclibc/4.8.3/../../../../mipsel-openwrt-linux-uclibc/bin/ld: cannot find -lgcrypt
collect2: error: ld returned 1 exit status
configure:14814: $? = 1
configure: failed program was:
| /* confdefs.h */
| #define PACKAGE_NAME "libssh2"
| #define PACKAGE_TARNAME "libssh2"
| #define PACKAGE_VERSION "-"
| #define PACKAGE_STRING "libssh2 -"
| #define PACKAGE_BUGREPORT "libssh2-devel@cool.haxx.se"
| #define PACKAGE_URL ""
| #define PACKAGE "libssh2"
| #define VERSION "-"
| #define STDC_HEADERS 1
| #define HAVE_SYS_TYPES_H 1
| #define HAVE_SYS_STAT_H 1
| #define HAVE_STDLIB_H 1
| #define HAVE_STRING_H 1
| #define HAVE_MEMORY_H 1
| #define HAVE_STRINGS_H 1
| #define HAVE_INTTYPES_H 1
| #define HAVE_STDINT_H 1
| #define HAVE_UNISTD_H 1
| #define HAVE_LONGLONG 1
| #define HAVE_DLFCN_H 1
| #define LT_OBJDIR ".libs/"
| #define _FILE_OFFSET_BITS 64
| /* end confdefs.h.  */
| #include <gcrypt.h>
| int
| main ()
| {
| 
|   ;
|   return 0;
| }
configure:14824: result: no
configure:15347: checking for libmbedcrypto
configure:15366: mipsel-openwrt-linux-gcc -o conftest -g -O2 -I/home/wei/openssl/include -L/home/wei/openssl/lib conftest.c  -lmbedcrypto >&5
mipsel-openwrt-linux-uclibc-gcc.bin: warning: environment variable 'STAGING_DIR' not defined
conftest.c:25:29: fatal error: mbedtls/version.h: No such file or directory
 #include <mbedtls/version.h>
                             ^
compilation terminated.
configure:15366: $? = 1
configure: failed program was:
| /* confdefs.h */
| #define PACKAGE_NAME "libssh2"
| #define PACKAGE_TARNAME "libssh2"
| #define PACKAGE_VERSION "-"
| #define PACKAGE_STRING "libssh2 -"
| #define PACKAGE_BUGREPORT "libssh2-devel@cool.haxx.se"
| #define PACKAGE_URL ""
| #define PACKAGE "libssh2"
| #define VERSION "-"
| #define STDC_HEADERS 1
| #define HAVE_SYS_TYPES_H 1
| #define HAVE_SYS_STAT_H 1
| #define HAVE_STDLIB_H 1
| #define HAVE_STRING_H 1
| #define HAVE_MEMORY_H 1
| #define HAVE_STRINGS_H 1
| #define HAVE_INTTYPES_H 1
| #define HAVE_STDINT_H 1
| #define HAVE_UNISTD_H 1
| #define HAVE_LONGLONG 1
| #define HAVE_DLFCN_H 1
| #define LT_OBJDIR ".libs/"
| #define _FILE_OFFSET_BITS 64
| /* end confdefs.h.  */
| #include <mbedtls/version.h>
| int
| main ()
| {
| 
|   ;
|   return 0;
| }
configure:15376: result: no
configure:15429: checking for ntdef.h
configure:15429: mipsel-openwrt-linux-gcc -c -g -O2 -I/home/wei/openssl/include conftest.c >&5
mipsel-openwrt-linux-uclibc-gcc.bin: warning: environment variable 'STAGING_DIR' not defined
conftest.c:25:21: fatal error: windows.h: No such file or directory
 #include <windows.h>
                     ^
compilation terminated.
configure:15429: $? = 1
configure: failed program was:
| /* confdefs.h */
| #define PACKAGE_NAME "libssh2"
| #define PACKAGE_TARNAME "libssh2"
| #define PACKAGE_VERSION "-"
| #define PACKAGE_STRING "libssh2 -"
| #define PACKAGE_BUGREPORT "libssh2-devel@cool.haxx.se"
| #define PACKAGE_URL ""
| #define PACKAGE "libssh2"
| #define VERSION "-"
| #define STDC_HEADERS 1
| #define HAVE_SYS_TYPES_H 1
| #define HAVE_SYS_STAT_H 1
| #define HAVE_STDLIB_H 1
| #define HAVE_STRING_H 1
| #define HAVE_MEMORY_H 1
| #define HAVE_STRINGS_H 1
| #define HAVE_INTTYPES_H 1
| #define HAVE_STDINT_H 1
| #define HAVE_UNISTD_H 1
| #define HAVE_LONGLONG 1
| #define HAVE_DLFCN_H 1
| #define LT_OBJDIR ".libs/"
| #define _FILE_OFFSET_BITS 64
| /* end confdefs.h.  */
| #include <windows.h>
| 
| #include <ntdef.h>
configure:15429: result: no
configure:15429: checking for ntstatus.h
configure:15429: mipsel-openwrt-linux-gcc -c -g -O2 -I/home/wei/openssl/include conftest.c >&5
mipsel-openwrt-linux-uclibc-gcc.bin: warning: environment variable 'STAGING_DIR' not defined
conftest.c:25:21: fatal error: windows.h: No such file or directory
 #include <windows.h>
                     ^
compilation terminated.
configure:15429: $? = 1
configure: failed program was:
| /* confdefs.h */
| #define PACKAGE_NAME "libssh2"
| #define PACKAGE_TARNAME "libssh2"
| #define PACKAGE_VERSION "-"
| #define PACKAGE_STRING "libssh2 -"
| #define PACKAGE_BUGREPORT "libssh2-devel@cool.haxx.se"
| #define PACKAGE_URL ""
| #define PACKAGE "libssh2"
| #define VERSION "-"
| #define STDC_HEADERS 1
| #define HAVE_SYS_TYPES_H 1
| #define HAVE_SYS_STAT_H 1
| #define HAVE_STDLIB_H 1
| #define HAVE_STRING_H 1
| #define HAVE_MEMORY_H 1
| #define HAVE_STRINGS_H 1
| #define HAVE_INTTYPES_H 1
| #define HAVE_STDINT_H 1
| #define HAVE_UNISTD_H 1
| #define HAVE_LONGLONG 1
| #define HAVE_DLFCN_H 1
| #define LT_OBJDIR ".libs/"
| #define _FILE_OFFSET_BITS 64
| /* end confdefs.h.  */
| #include <windows.h>
| 
| #include <ntstatus.h>
configure:15429: result: no
configure:15440: checking whether SecureZeroMemory is declared
configure:15440: mipsel-openwrt-linux-gcc -c -g -O2 -I/home/wei/openssl/include conftest.c >&5
mipsel-openwrt-linux-uclibc-gcc.bin: warning: environment variable 'STAGING_DIR' not defined
conftest.c:25:21: fatal error: windows.h: No such file or directory
 #include <windows.h>
                     ^
compilation terminated.
configure:15440: $? = 1
configure: failed program was:
| /* confdefs.h */
| #define PACKAGE_NAME "libssh2"
| #define PACKAGE_TARNAME "libssh2"
| #define PACKAGE_VERSION "-"
| #define PACKAGE_STRING "libssh2 -"
| #define PACKAGE_BUGREPORT "libssh2-devel@cool.haxx.se"
| #define PACKAGE_URL ""
| #define PACKAGE "libssh2"
| #define VERSION "-"
| #define STDC_HEADERS 1
| #define HAVE_SYS_TYPES_H 1
| #define HAVE_SYS_STAT_H 1
| #define HAVE_STDLIB_H 1
| #define HAVE_STRING_H 1
| #define HAVE_MEMORY_H 1
| #define HAVE_STRINGS_H 1
| #define HAVE_INTTYPES_H 1
| #define HAVE_STDINT_H 1
| #define HAVE_UNISTD_H 1
| #define HAVE_LONGLONG 1
| #define HAVE_DLFCN_H 1
| #define LT_OBJDIR ".libs/"
| #define _FILE_OFFSET_BITS 64
| /* end confdefs.h.  */
| #include <windows.h>
| 
| int
| main ()
| {
| #ifndef SecureZeroMemory
| #ifdef __cplusplus
|   (void) SecureZeroMemory;
| #else
|   (void) SecureZeroMemory;
| #endif
| #endif
| 
|   ;
|   return 0;
| }
configure:15440: result: no
configure:15929: checking for libcrypt32
configure:15951: mipsel-openwrt-linux-gcc -o conftest -g -O2 -I/home/wei/openssl/include -L/home/wei/openssl/lib conftest.c  -lcrypt32 >&5
mipsel-openwrt-linux-uclibc-gcc.bin: warning: environment variable 'STAGING_DIR' not defined
conftest.c:27:25: fatal error: windows.h: No such file or directory
     #include <windows.h>
                         ^
compilation terminated.
configure:15951: $? = 1
configure: failed program was:
| /* confdefs.h */
| #define PACKAGE_NAME "libssh2"
| #define PACKAGE_TARNAME "libssh2"
| #define PACKAGE_VERSION "-"
| #define PACKAGE_STRING "libssh2 -"
| #define PACKAGE_BUGREPORT "libssh2-devel@cool.haxx.se"
| #define PACKAGE_URL ""
| #define PACKAGE "libssh2"
| #define VERSION "-"
| #define STDC_HEADERS 1
| #define HAVE_SYS_TYPES_H 1
| #define HAVE_SYS_STAT_H 1
| #define HAVE_STDLIB_H 1
| #define HAVE_STRING_H 1
| #define HAVE_MEMORY_H 1
| #define HAVE_STRINGS_H 1
| #define HAVE_INTTYPES_H 1
| #define HAVE_STDINT_H 1
| #define HAVE_UNISTD_H 1
| #define HAVE_LONGLONG 1
| #define HAVE_DLFCN_H 1
| #define LT_OBJDIR ".libs/"
| #define _FILE_OFFSET_BITS 64
| #define HAVE_DECL_SECUREZEROMEMORY 0
| /* end confdefs.h.  */
| 
|     #include <windows.h>
|     #include <wincrypt.h>
| 
| int
| main ()
| {
| 
|   ;
|   return 0;
| }
configure:15961: result: no
configure:16471: checking for libbcrypt
configure:16493: mipsel-openwrt-linux-gcc -o conftest -g -O2 -I/home/wei/openssl/include -Ino/include -L/home/wei/openssl/lib -Lno/lib conftest.c  -lbcrypt >&5
mipsel-openwrt-linux-uclibc-gcc.bin: warning: environment variable 'STAGING_DIR' not defined
conftest.c:27:25: fatal error: windows.h: No such file or directory
     #include <windows.h>
                         ^
compilation terminated.
configure:16493: $? = 1
configure: failed program was:
| /* confdefs.h */
| #define PACKAGE_NAME "libssh2"
| #define PACKAGE_TARNAME "libssh2"
| #define PACKAGE_VERSION "-"
| #define PACKAGE_STRING "libssh2 -"
| #define PACKAGE_BUGREPORT "libssh2-devel@cool.haxx.se"
| #define PACKAGE_URL ""
| #define PACKAGE "libssh2"
| #define VERSION "-"
| #define STDC_HEADERS 1
| #define HAVE_SYS_TYPES_H 1
| #define HAVE_SYS_STAT_H 1
| #define HAVE_STDLIB_H 1
| #define HAVE_STRING_H 1
| #define HAVE_MEMORY_H 1
| #define HAVE_STRINGS_H 1
| #define HAVE_INTTYPES_H 1
| #define HAVE_STDINT_H 1
| #define HAVE_UNISTD_H 1
| #define HAVE_LONGLONG 1
| #define HAVE_DLFCN_H 1
| #define LT_OBJDIR ".libs/"
| #define _FILE_OFFSET_BITS 64
| #define HAVE_DECL_SECUREZEROMEMORY 0
| /* end confdefs.h.  */
| 
|     #include <windows.h>
|     #include <bcrypt.h>
| 
| int
| main ()
| {
| 
|   ;
|   return 0;
| }
configure:16503: result: no
configure:16564: ERROR: No openssl crypto library found!
No libgcrypt crypto library found!
No mbedtls crypto library found!
No wincng crypto library found!

Specify --with-crypto=$backend and/or the neccessary library search prefix.

Known crypto backends: auto, openssl, libgcrypt, mbedtls, wincng
configure:17088: checking for libz
configure:17107: mipsel-openwrt-linux-gcc -o conftest -g -O2 -I/home/wei/openssl/include -I/home/wei/zlib//include -L/home/wei/openssl/lib conftest.c  /home/wei/zlib//lib/libz.so -Wl,-rpath -Wl,/home/wei/zlib//lib >&5
mipsel-openwrt-linux-uclibc-gcc.bin: warning: environment variable 'STAGING_DIR' not defined
mipsel-openwrt-linux-uclibc-gcc.bin: warning: environment variable 'STAGING_DIR' not defined
mipsel-openwrt-linux-uclibc-gcc.bin: warning: environment variable 'STAGING_DIR' not defined
configure:17107: $? = 0
configure:17117: result: yes
configure:17124: checking how to link with libz
configure:17126: result: /home/wei/zlib//lib/libz.so -Wl,-rpath -Wl,/home/wei/zlib//lib
configure:17209: WARNING: secure clearing/zeroing of memory is not supported by the selected crypto backend
configure:17224: checking whether to enable pedantic and debug compiler options
configure:17358: result: no
configure:17364: checking whether to enable hidden symbols in the library
configure:17405: result: no
configure:17412: checking whether to build example applications
configure:17428: result: yes
configure:17444: checking errno.h usability
configure:17444: mipsel-openwrt-linux-gcc -c -g -O2 -I/home/wei/openssl/include -I/home/wei/zlib//include conftest.c >&5
mipsel-openwrt-linux-uclibc-gcc.bin: warning: environment variable 'STAGING_DIR' not defined
configure:17444: $? = 0
configure:17444: result: yes
configure:17444: checking errno.h presence
configure:17444: mipsel-openwrt-linux-gcc -E -I/home/wei/openssl/include -I/home/wei/zlib//include conftest.c
mipsel-openwrt-linux-uclibc-gcc.bin: warning: environment variable 'STAGING_DIR' not defined
configure:17444: $? = 0
configure:17444: result: yes
configure:17444: checking for errno.h
configure:17444: result: yes
configure:17444: checking fcntl.h usability
configure:17444: mipsel-openwrt-linux-gcc -c -g -O2 -I/home/wei/openssl/include -I/home/wei/zlib//include conftest.c >&5
mipsel-openwrt-linux-uclibc-gcc.bin: warning: environment variable 'STAGING_DIR' not defined
configure:17444: $? = 0
configure:17444: result: yes
configure:17444: checking fcntl.h presence
configure:17444: mipsel-openwrt-linux-gcc -E -I/home/wei/openssl/include -I/home/wei/zlib//include conftest.c
mipsel-openwrt-linux-uclibc-gcc.bin: warning: environment variable 'STAGING_DIR' not defined
configure:17444: $? = 0
configure:17444: result: yes
configure:17444: checking for fcntl.h
configure:17444: result: yes
configure:17444: checking stdio.h usability
configure:17444: mipsel-openwrt-linux-gcc -c -g -O2 -I/home/wei/openssl/include -I/home/wei/zlib//include conftest.c >&5
mipsel-openwrt-linux-uclibc-gcc.bin: warning: environment variable 'STAGING_DIR' not defined
configure:17444: $? = 0
configure:17444: result: yes
configure:17444: checking stdio.h presence
configure:17444: mipsel-openwrt-linux-gcc -E -I/home/wei/openssl/include -I/home/wei/zlib//include conftest.c
mipsel-openwrt-linux-uclibc-gcc.bin: warning: environment variable 'STAGING_DIR' not defined
configure:17444: $? = 0
configure:17444: result: yes
configure:17444: checking for stdio.h
configure:17444: result: yes
configure:17444: checking for stdlib.h
configure:17444: result: yes
configure:17444: checking for unistd.h
configure:17444: result: yes
configure:17444: checking sys/uio.h usability
configure:17444: mipsel-openwrt-linux-gcc -c -g -O2 -I/home/wei/openssl/include -I/home/wei/zlib//include conftest.c >&5
mipsel-openwrt-linux-uclibc-gcc.bin: warning: environment variable 'STAGING_DIR' not defined
configure:17444: $? = 0
configure:17444: result: yes
configure:17444: checking sys/uio.h presence
configure:17444: mipsel-openwrt-linux-gcc -E -I/home/wei/openssl/include -I/home/wei/zlib//include conftest.c
mipsel-openwrt-linux-uclibc-gcc.bin: warning: environment variable 'STAGING_DIR' not defined
configure:17444: $? = 0
configure:17444: result: yes
configure:17444: checking for sys/uio.h
configure:17444: result: yes
configure:17457: checking sys/select.h usability
configure:17457: mipsel-openwrt-linux-gcc -c -g -O2 -I/home/wei/openssl/include -I/home/wei/zlib//include conftest.c >&5
mipsel-openwrt-linux-uclibc-gcc.bin: warning: environment variable 'STAGING_DIR' not defined
configure:17457: $? = 0
configure:17457: result: yes
configure:17457: checking sys/select.h presence
configure:17457: mipsel-openwrt-linux-gcc -E -I/home/wei/openssl/include -I/home/wei/zlib//include conftest.c
mipsel-openwrt-linux-uclibc-gcc.bin: warning: environment variable 'STAGING_DIR' not defined
configure:17457: $? = 0
configure:17457: result: yes
configure:17457: checking for sys/select.h
configure:17457: result: yes
configure:17457: checking sys/socket.h usability
configure:17457: mipsel-openwrt-linux-gcc -c -g -O2 -I/home/wei/openssl/include -I/home/wei/zlib//include conftest.c >&5
mipsel-openwrt-linux-uclibc-gcc.bin: warning: environment variable 'STAGING_DIR' not defined
configure:17457: $? = 0
configure:17457: result: yes
configure:17457: checking sys/socket.h presence
configure:17457: mipsel-openwrt-linux-gcc -E -I/home/wei/openssl/include -I/home/wei/zlib//include conftest.c
mipsel-openwrt-linux-uclibc-gcc.bin: warning: environment variable 'STAGING_DIR' not defined
configure:17457: $? = 0
configure:17457: result: yes
configure:17457: checking for sys/socket.h
configure:17457: result: yes
configure:17457: checking sys/ioctl.h usability
configure:17457: mipsel-openwrt-linux-gcc -c -g -O2 -I/home/wei/openssl/include -I/home/wei/zlib//include conftest.c >&5
mipsel-openwrt-linux-uclibc-gcc.bin: warning: environment variable 'STAGING_DIR' not defined
configure:17457: $? = 0
configure:17457: result: yes
configure:17457: checking sys/ioctl.h presence
configure:17457: mipsel-openwrt-linux-gcc -E -I/home/wei/openssl/include -I/home/wei/zlib//include conftest.c
mipsel-openwrt-linux-uclibc-gcc.bin: warning: environment variable 'STAGING_DIR' not defined
configure:17457: $? = 0
configure:17457: result: yes
configure:17457: checking for sys/ioctl.h
configure:17457: result: yes
configure:17457: checking sys/time.h usability
configure:17457: mipsel-openwrt-linux-gcc -c -g -O2 -I/home/wei/openssl/include -I/home/wei/zlib//include conftest.c >&5
mipsel-openwrt-linux-uclibc-gcc.bin: warning: environment variable 'STAGING_DIR' not defined
configure:17457: $? = 0
configure:17457: result: yes
configure:17457: checking sys/time.h presence
configure:17457: mipsel-openwrt-linux-gcc -E -I/home/wei/openssl/include -I/home/wei/zlib//include conftest.c
mipsel-openwrt-linux-uclibc-gcc.bin: warning: environment variable 'STAGING_DIR' not defined
configure:17457: $? = 0
configure:17457: result: yes
configure:17457: checking for sys/time.h
configure:17457: result: yes
configure:17470: checking arpa/inet.h usability
configure:17470: mipsel-openwrt-linux-gcc -c -g -O2 -I/home/wei/openssl/include -I/home/wei/zlib//include conftest.c >&5
mipsel-openwrt-linux-uclibc-gcc.bin: warning: environment variable 'STAGING_DIR' not defined
configure:17470: $? = 0
configure:17470: result: yes
configure:17470: checking arpa/inet.h presence
configure:17470: mipsel-openwrt-linux-gcc -E -I/home/wei/openssl/include -I/home/wei/zlib//include conftest.c
mipsel-openwrt-linux-uclibc-gcc.bin: warning: environment variable 'STAGING_DIR' not defined
configure:17470: $? = 0
configure:17470: result: yes
configure:17470: checking for arpa/inet.h
configure:17470: result: yes
configure:17470: checking netinet/in.h usability
configure:17470: mipsel-openwrt-linux-gcc -c -g -O2 -I/home/wei/openssl/include -I/home/wei/zlib//include conftest.c >&5
mipsel-openwrt-linux-uclibc-gcc.bin: warning: environment variable 'STAGING_DIR' not defined
configure:17470: $? = 0
configure:17470: result: yes
configure:17470: checking netinet/in.h presence
configure:17470: mipsel-openwrt-linux-gcc -E -I/home/wei/openssl/include -I/home/wei/zlib//include conftest.c
mipsel-openwrt-linux-uclibc-gcc.bin: warning: environment variable 'STAGING_DIR' not defined
configure:17470: $? = 0
configure:17470: result: yes
configure:17470: checking for netinet/in.h
configure:17470: result: yes
configure:17482: checking sys/un.h usability
configure:17482: mipsel-openwrt-linux-gcc -c -g -O2 -I/home/wei/openssl/include -I/home/wei/zlib//include conftest.c >&5
mipsel-openwrt-linux-uclibc-gcc.bin: warning: environment variable 'STAGING_DIR' not defined
configure:17482: $? = 0
configure:17482: result: yes
configure:17482: checking sys/un.h presence
configure:17482: mipsel-openwrt-linux-gcc -E -I/home/wei/openssl/include -I/home/wei/zlib//include conftest.c
mipsel-openwrt-linux-uclibc-gcc.bin: warning: environment variable 'STAGING_DIR' not defined
configure:17482: $? = 0
configure:17482: result: yes
configure:17482: checking for sys/un.h
configure:17482: result: yes
configure:17511: checking windows.h usability
configure:17511: mipsel-openwrt-linux-gcc -c -g -O2 -I/home/wei/openssl/include -I/home/wei/zlib//include conftest.c >&5
mipsel-openwrt-linux-uclibc-gcc.bin: warning: environment variable 'STAGING_DIR' not defined
conftest.c:75:21: fatal error: windows.h: No such file or directory
 #include <windows.h>
                     ^
compilation terminated.
configure:17511: $? = 1
configure: failed program was:
| /* confdefs.h */
| #define PACKAGE_NAME "libssh2"
| #define PACKAGE_TARNAME "libssh2"
| #define PACKAGE_VERSION "-"
| #define PACKAGE_STRING "libssh2 -"
| #define PACKAGE_BUGREPORT "libssh2-devel@cool.haxx.se"
| #define PACKAGE_URL ""
| #define PACKAGE "libssh2"
| #define VERSION "-"
| #define STDC_HEADERS 1
| #define HAVE_SYS_TYPES_H 1
| #define HAVE_SYS_STAT_H 1
| #define HAVE_STDLIB_H 1
| #define HAVE_STRING_H 1
| #define HAVE_MEMORY_H 1
| #define HAVE_STRINGS_H 1
| #define HAVE_INTTYPES_H 1
| #define HAVE_STDINT_H 1
| #define HAVE_UNISTD_H 1
| #define HAVE_LONGLONG 1
| #define HAVE_DLFCN_H 1
| #define LT_OBJDIR ".libs/"
| #define _FILE_OFFSET_BITS 64
| #define HAVE_DECL_SECUREZEROMEMORY 0
| #define HAVE_LIBZ 1
| #define LIBSSH2_HAVE_ZLIB 1
| #define LIBSSH2_DH_GEX_NEW 1
| #define HAVE_ERRNO_H 1
| #define HAVE_FCNTL_H 1
| #define HAVE_STDIO_H 1
| #define HAVE_STDLIB_H 1
| #define HAVE_UNISTD_H 1
| #define HAVE_SYS_UIO_H 1
| #define HAVE_SYS_SELECT_H 1
| #define HAVE_SYS_SOCKET_H 1
| #define HAVE_SYS_IOCTL_H 1
| #define HAVE_SYS_TIME_H 1
| #define HAVE_ARPA_INET_H 1
| #define HAVE_NETINET_IN_H 1
| #define HAVE_SYS_UN_H 1
| /* end confdefs.h.  */
| #include <stdio.h>
| #ifdef HAVE_SYS_TYPES_H
| # include <sys/types.h>
| #endif
| #ifdef HAVE_SYS_STAT_H
| # include <sys/stat.h>
| #endif
| #ifdef STDC_HEADERS
| # include <stdlib.h>
| # include <stddef.h>
| #else
| # ifdef HAVE_STDLIB_H
| #  include <stdlib.h>
| # endif
| #endif
| #ifdef HAVE_STRING_H
| # if !defined STDC_HEADERS && defined HAVE_MEMORY_H
| #  include <memory.h>
| # endif
| # include <string.h>
| #endif
| #ifdef HAVE_STRINGS_H
| # include <strings.h>
| #endif
| #ifdef HAVE_INTTYPES_H
| # include <inttypes.h>
| #endif
| #ifdef HAVE_STDINT_H
| # include <stdint.h>
| #endif
| #ifdef HAVE_UNISTD_H
| # include <unistd.h>
| #endif
| #include <windows.h>
configure:17511: result: no
configure:17511: checking windows.h presence
configure:17511: mipsel-openwrt-linux-gcc -E -I/home/wei/openssl/include -I/home/wei/zlib//include conftest.c
mipsel-openwrt-linux-uclibc-gcc.bin: warning: environment variable 'STAGING_DIR' not defined
conftest.c:42:21: fatal error: windows.h: No such file or directory
 #include <windows.h>
                     ^
compilation terminated.
configure:17511: $? = 1
configure: failed program was:
| /* confdefs.h */
| #define PACKAGE_NAME "libssh2"
| #define PACKAGE_TARNAME "libssh2"
| #define PACKAGE_VERSION "-"
| #define PACKAGE_STRING "libssh2 -"
| #define PACKAGE_BUGREPORT "libssh2-devel@cool.haxx.se"
| #define PACKAGE_URL ""
| #define PACKAGE "libssh2"
| #define VERSION "-"
| #define STDC_HEADERS 1
| #define HAVE_SYS_TYPES_H 1
| #define HAVE_SYS_STAT_H 1
| #define HAVE_STDLIB_H 1
| #define HAVE_STRING_H 1
| #define HAVE_MEMORY_H 1
| #define HAVE_STRINGS_H 1
| #define HAVE_INTTYPES_H 1
| #define HAVE_STDINT_H 1
| #define HAVE_UNISTD_H 1
| #define HAVE_LONGLONG 1
| #define HAVE_DLFCN_H 1
| #define LT_OBJDIR ".libs/"
| #define _FILE_OFFSET_BITS 64
| #define HAVE_DECL_SECUREZEROMEMORY 0
| #define HAVE_LIBZ 1
| #define LIBSSH2_HAVE_ZLIB 1
| #define LIBSSH2_DH_GEX_NEW 1
| #define HAVE_ERRNO_H 1
| #define HAVE_FCNTL_H 1
| #define HAVE_STDIO_H 1
| #define HAVE_STDLIB_H 1
| #define HAVE_UNISTD_H 1
| #define HAVE_SYS_UIO_H 1
| #define HAVE_SYS_SELECT_H 1
| #define HAVE_SYS_SOCKET_H 1
| #define HAVE_SYS_IOCTL_H 1
| #define HAVE_SYS_TIME_H 1
| #define HAVE_ARPA_INET_H 1
| #define HAVE_NETINET_IN_H 1
| #define HAVE_SYS_UN_H 1
| /* end confdefs.h.  */
| #include <windows.h>
configure:17511: result: no
configure:17511: checking for windows.h
configure:17511: result: no
configure:17511: checking winsock2.h usability
configure:17511: mipsel-openwrt-linux-gcc -c -g -O2 -I/home/wei/openssl/include -I/home/wei/zlib//include conftest.c >&5
mipsel-openwrt-linux-uclibc-gcc.bin: warning: environment variable 'STAGING_DIR' not defined
conftest.c:75:22: fatal error: winsock2.h: No such file or directory
 #include <winsock2.h>
                      ^
compilation terminated.
configure:17511: $? = 1
configure: failed program was:
| /* confdefs.h */
| #define PACKAGE_NAME "libssh2"
| #define PACKAGE_TARNAME "libssh2"
| #define PACKAGE_VERSION "-"
| #define PACKAGE_STRING "libssh2 -"
| #define PACKAGE_BUGREPORT "libssh2-devel@cool.haxx.se"
| #define PACKAGE_URL ""
| #define PACKAGE "libssh2"
| #define VERSION "-"
| #define STDC_HEADERS 1
| #define HAVE_SYS_TYPES_H 1
| #define HAVE_SYS_STAT_H 1
| #define HAVE_STDLIB_H 1
| #define HAVE_STRING_H 1
| #define HAVE_MEMORY_H 1
| #define HAVE_STRINGS_H 1
| #define HAVE_INTTYPES_H 1
| #define HAVE_STDINT_H 1
| #define HAVE_UNISTD_H 1
| #define HAVE_LONGLONG 1
| #define HAVE_DLFCN_H 1
| #define LT_OBJDIR ".libs/"
| #define _FILE_OFFSET_BITS 64
| #define HAVE_DECL_SECUREZEROMEMORY 0
| #define HAVE_LIBZ 1
| #define LIBSSH2_HAVE_ZLIB 1
| #define LIBSSH2_DH_GEX_NEW 1
| #define HAVE_ERRNO_H 1
| #define HAVE_FCNTL_H 1
| #define HAVE_STDIO_H 1
| #define HAVE_STDLIB_H 1
| #define HAVE_UNISTD_H 1
| #define HAVE_SYS_UIO_H 1
| #define HAVE_SYS_SELECT_H 1
| #define HAVE_SYS_SOCKET_H 1
| #define HAVE_SYS_IOCTL_H 1
| #define HAVE_SYS_TIME_H 1
| #define HAVE_ARPA_INET_H 1
| #define HAVE_NETINET_IN_H 1
| #define HAVE_SYS_UN_H 1
| /* end confdefs.h.  */
| #include <stdio.h>
| #ifdef HAVE_SYS_TYPES_H
| # include <sys/types.h>
| #endif
| #ifdef HAVE_SYS_STAT_H
| # include <sys/stat.h>
| #endif
| #ifdef STDC_HEADERS
| # include <stdlib.h>
| # include <stddef.h>
| #else
| # ifdef HAVE_STDLIB_H
| #  include <stdlib.h>
| # endif
| #endif
| #ifdef HAVE_STRING_H
| # if !defined STDC_HEADERS && defined HAVE_MEMORY_H
| #  include <memory.h>
| # endif
| # include <string.h>
| #endif
| #ifdef HAVE_STRINGS_H
| # include <strings.h>
| #endif
| #ifdef HAVE_INTTYPES_H
| # include <inttypes.h>
| #endif
| #ifdef HAVE_STDINT_H
| # include <stdint.h>
| #endif
| #ifdef HAVE_UNISTD_H
| # include <unistd.h>
| #endif
| #include <winsock2.h>
configure:17511: result: no
configure:17511: checking winsock2.h presence
configure:17511: mipsel-openwrt-linux-gcc -E -I/home/wei/openssl/include -I/home/wei/zlib//include conftest.c
mipsel-openwrt-linux-uclibc-gcc.bin: warning: environment variable 'STAGING_DIR' not defined
conftest.c:42:22: fatal error: winsock2.h: No such file or directory
 #include <winsock2.h>
                      ^
compilation terminated.
configure:17511: $? = 1
configure: failed program was:
| /* confdefs.h */
| #define PACKAGE_NAME "libssh2"
| #define PACKAGE_TARNAME "libssh2"
| #define PACKAGE_VERSION "-"
| #define PACKAGE_STRING "libssh2 -"
| #define PACKAGE_BUGREPORT "libssh2-devel@cool.haxx.se"
| #define PACKAGE_URL ""
| #define PACKAGE "libssh2"
| #define VERSION "-"
| #define STDC_HEADERS 1
| #define HAVE_SYS_TYPES_H 1
| #define HAVE_SYS_STAT_H 1
| #define HAVE_STDLIB_H 1
| #define HAVE_STRING_H 1
| #define HAVE_MEMORY_H 1
| #define HAVE_STRINGS_H 1
| #define HAVE_INTTYPES_H 1
| #define HAVE_STDINT_H 1
| #define HAVE_UNISTD_H 1
| #define HAVE_LONGLONG 1
| #define HAVE_DLFCN_H 1
| #define LT_OBJDIR ".libs/"
| #define _FILE_OFFSET_BITS 64
| #define HAVE_DECL_SECUREZEROMEMORY 0
| #define HAVE_LIBZ 1
| #define LIBSSH2_HAVE_ZLIB 1
| #define LIBSSH2_DH_GEX_NEW 1
| #define HAVE_ERRNO_H 1
| #define HAVE_FCNTL_H 1
| #define HAVE_STDIO_H 1
| #define HAVE_STDLIB_H 1
| #define HAVE_UNISTD_H 1
| #define HAVE_SYS_UIO_H 1
| #define HAVE_SYS_SELECT_H 1
| #define HAVE_SYS_SOCKET_H 1
| #define HAVE_SYS_IOCTL_H 1
| #define HAVE_SYS_TIME_H 1
| #define HAVE_ARPA_INET_H 1
| #define HAVE_NETINET_IN_H 1
| #define HAVE_SYS_UN_H 1
| /* end confdefs.h.  */
| #include <winsock2.h>
configure:17511: result: no
configure:17511: checking for winsock2.h
configure:17511: result: no
configure:17511: checking ws2tcpip.h usability
configure:17511: mipsel-openwrt-linux-gcc -c -g -O2 -I/home/wei/openssl/include -I/home/wei/zlib//include conftest.c >&5
mipsel-openwrt-linux-uclibc-gcc.bin: warning: environment variable 'STAGING_DIR' not defined
conftest.c:75:22: fatal error: ws2tcpip.h: No such file or directory
 #include <ws2tcpip.h>
                      ^
compilation terminated.
configure:17511: $? = 1
configure: failed program was:
| /* confdefs.h */
| #define PACKAGE_NAME "libssh2"
| #define PACKAGE_TARNAME "libssh2"
| #define PACKAGE_VERSION "-"
| #define PACKAGE_STRING "libssh2 -"
| #define PACKAGE_BUGREPORT "libssh2-devel@cool.haxx.se"
| #define PACKAGE_URL ""
| #define PACKAGE "libssh2"
| #define VERSION "-"
| #define STDC_HEADERS 1
| #define HAVE_SYS_TYPES_H 1
| #define HAVE_SYS_STAT_H 1
| #define HAVE_STDLIB_H 1
| #define HAVE_STRING_H 1
| #define HAVE_MEMORY_H 1
| #define HAVE_STRINGS_H 1
| #define HAVE_INTTYPES_H 1
| #define HAVE_STDINT_H 1
| #define HAVE_UNISTD_H 1
| #define HAVE_LONGLONG 1
| #define HAVE_DLFCN_H 1
| #define LT_OBJDIR ".libs/"
| #define _FILE_OFFSET_BITS 64
| #define HAVE_DECL_SECUREZEROMEMORY 0
| #define HAVE_LIBZ 1
| #define LIBSSH2_HAVE_ZLIB 1
| #define LIBSSH2_DH_GEX_NEW 1
| #define HAVE_ERRNO_H 1
| #define HAVE_FCNTL_H 1
| #define HAVE_STDIO_H 1
| #define HAVE_STDLIB_H 1
| #define HAVE_UNISTD_H 1
| #define HAVE_SYS_UIO_H 1
| #define HAVE_SYS_SELECT_H 1
| #define HAVE_SYS_SOCKET_H 1
| #define HAVE_SYS_IOCTL_H 1
| #define HAVE_SYS_TIME_H 1
| #define HAVE_ARPA_INET_H 1
| #define HAVE_NETINET_IN_H 1
| #define HAVE_SYS_UN_H 1
| /* end confdefs.h.  */
| #include <stdio.h>
| #ifdef HAVE_SYS_TYPES_H
| # include <sys/types.h>
| #endif
| #ifdef HAVE_SYS_STAT_H
| # include <sys/stat.h>
| #endif
| #ifdef STDC_HEADERS
| # include <stdlib.h>
| # include <stddef.h>
| #else
| # ifdef HAVE_STDLIB_H
| #  include <stdlib.h>
| # endif
| #endif
| #ifdef HAVE_STRING_H
| # if !defined STDC_HEADERS && defined HAVE_MEMORY_H
| #  include <memory.h>
| # endif
| # include <string.h>
| #endif
| #ifdef HAVE_STRINGS_H
| # include <strings.h>
| #endif
| #ifdef HAVE_INTTYPES_H
| # include <inttypes.h>
| #endif
| #ifdef HAVE_STDINT_H
| # include <stdint.h>
| #endif
| #ifdef HAVE_UNISTD_H
| # include <unistd.h>
| #endif
| #include <ws2tcpip.h>
configure:17511: result: no
configure:17511: checking ws2tcpip.h presence
configure:17511: mipsel-openwrt-linux-gcc -E -I/home/wei/openssl/include -I/home/wei/zlib//include conftest.c
mipsel-openwrt-linux-uclibc-gcc.bin: warning: environment variable 'STAGING_DIR' not defined
conftest.c:42:22: fatal error: ws2tcpip.h: No such file or directory
 #include <ws2tcpip.h>
                      ^
compilation terminated.
configure:17511: $? = 1
configure: failed program was:
| /* confdefs.h */
| #define PACKAGE_NAME "libssh2"
| #define PACKAGE_TARNAME "libssh2"
| #define PACKAGE_VERSION "-"
| #define PACKAGE_STRING "libssh2 -"
| #define PACKAGE_BUGREPORT "libssh2-devel@cool.haxx.se"
| #define PACKAGE_URL ""
| #define PACKAGE "libssh2"
| #define VERSION "-"
| #define STDC_HEADERS 1
| #define HAVE_SYS_TYPES_H 1
| #define HAVE_SYS_STAT_H 1
| #define HAVE_STDLIB_H 1
| #define HAVE_STRING_H 1
| #define HAVE_MEMORY_H 1
| #define HAVE_STRINGS_H 1
| #define HAVE_INTTYPES_H 1
| #define HAVE_STDINT_H 1
| #define HAVE_UNISTD_H 1
| #define HAVE_LONGLONG 1
| #define HAVE_DLFCN_H 1
| #define LT_OBJDIR ".libs/"
| #define _FILE_OFFSET_BITS 64
| #define HAVE_DECL_SECUREZEROMEMORY 0
| #define HAVE_LIBZ 1
| #define LIBSSH2_HAVE_ZLIB 1
| #define LIBSSH2_DH_GEX_NEW 1
| #define HAVE_ERRNO_H 1
| #define HAVE_FCNTL_H 1
| #define HAVE_STDIO_H 1
| #define HAVE_STDLIB_H 1
| #define HAVE_UNISTD_H 1
| #define HAVE_SYS_UIO_H 1
| #define HAVE_SYS_SELECT_H 1
| #define HAVE_SYS_SOCKET_H 1
| #define HAVE_SYS_IOCTL_H 1
| #define HAVE_SYS_TIME_H 1
| #define HAVE_ARPA_INET_H 1
| #define HAVE_NETINET_IN_H 1
| #define HAVE_SYS_UN_H 1
| /* end confdefs.h.  */
| #include <ws2tcpip.h>
configure:17511: result: no
configure:17511: checking for ws2tcpip.h
configure:17511: result: no
configure:17532: checking for poll
configure:17532: mipsel-openwrt-linux-gcc -o conftest -g -O2 -I/home/wei/openssl/include -I/home/wei/zlib//include -L/home/wei/openssl/lib conftest.c  >&5
mipsel-openwrt-linux-uclibc-gcc.bin: warning: environment variable 'STAGING_DIR' not defined
mipsel-openwrt-linux-uclibc-gcc.bin: warning: environment variable 'STAGING_DIR' not defined
mipsel-openwrt-linux-uclibc-gcc.bin: warning: environment variable 'STAGING_DIR' not defined
configure:17532: $? = 0
configure:17532: result: yes
configure:17547: checking for gettimeofday
configure:17547: mipsel-openwrt-linux-gcc -o conftest -g -O2 -I/home/wei/openssl/include -I/home/wei/zlib//include -L/home/wei/openssl/lib conftest.c  >&5
mipsel-openwrt-linux-uclibc-gcc.bin: warning: environment variable 'STAGING_DIR' not defined
mipsel-openwrt-linux-uclibc-gcc.bin: warning: environment variable 'STAGING_DIR' not defined
mipsel-openwrt-linux-uclibc-gcc.bin: warning: environment variable 'STAGING_DIR' not defined
configure:17547: $? = 0
configure:17547: result: yes
configure:17547: checking for select
configure:17547: mipsel-openwrt-linux-gcc -o conftest -g -O2 -I/home/wei/openssl/include -I/home/wei/zlib//include -L/home/wei/openssl/lib conftest.c  >&5
mipsel-openwrt-linux-uclibc-gcc.bin: warning: environment variable 'STAGING_DIR' not defined
mipsel-openwrt-linux-uclibc-gcc.bin: warning: environment variable 'STAGING_DIR' not defined
mipsel-openwrt-linux-uclibc-gcc.bin: warning: environment variable 'STAGING_DIR' not defined
configure:17547: $? = 0
configure:17547: result: yes
configure:17547: checking for strtoll
configure:17547: mipsel-openwrt-linux-gcc -o conftest -g -O2 -I/home/wei/openssl/include -I/home/wei/zlib//include -L/home/wei/openssl/lib conftest.c  >&5
mipsel-openwrt-linux-uclibc-gcc.bin: warning: environment variable 'STAGING_DIR' not defined
mipsel-openwrt-linux-uclibc-gcc.bin: warning: environment variable 'STAGING_DIR' not defined
mipsel-openwrt-linux-uclibc-gcc.bin: warning: environment variable 'STAGING_DIR' not defined
configure:17547: $? = 0
configure:17547: result: yes
configure:17547: checking for memset_s
configure:17547: mipsel-openwrt-linux-gcc -o conftest -g -O2 -I/home/wei/openssl/include -I/home/wei/zlib//include -L/home/wei/openssl/lib conftest.c  >&5
mipsel-openwrt-linux-uclibc-gcc.bin: warning: environment variable 'STAGING_DIR' not defined
mipsel-openwrt-linux-uclibc-gcc.bin: warning: environment variable 'STAGING_DIR' not defined
mipsel-openwrt-linux-uclibc-gcc.bin: warning: environment variable 'STAGING_DIR' not defined
/tmp/cc9TDVDz.o: In function `main':
/home/wei/libssh2-1.9.0/conftest.c:80: undefined reference to `memset_s'
collect2: error: ld returned 1 exit status
configure:17547: $? = 1
configure: failed program was:
| /* confdefs.h */
| #define PACKAGE_NAME "libssh2"
| #define PACKAGE_TARNAME "libssh2"
| #define PACKAGE_VERSION "-"
| #define PACKAGE_STRING "libssh2 -"
| #define PACKAGE_BUGREPORT "libssh2-devel@cool.haxx.se"
| #define PACKAGE_URL ""
| #define PACKAGE "libssh2"
| #define VERSION "-"
| #define STDC_HEADERS 1
| #define HAVE_SYS_TYPES_H 1
| #define HAVE_SYS_STAT_H 1
| #define HAVE_STDLIB_H 1
| #define HAVE_STRING_H 1
| #define HAVE_MEMORY_H 1
| #define HAVE_STRINGS_H 1
| #define HAVE_INTTYPES_H 1
| #define HAVE_STDINT_H 1
| #define HAVE_UNISTD_H 1
| #define HAVE_LONGLONG 1
| #define HAVE_DLFCN_H 1
| #define LT_OBJDIR ".libs/"
| #define _FILE_OFFSET_BITS 64
| #define HAVE_DECL_SECUREZEROMEMORY 0
| #define HAVE_LIBZ 1
| #define LIBSSH2_HAVE_ZLIB 1
| #define LIBSSH2_DH_GEX_NEW 1
| #define HAVE_ERRNO_H 1
| #define HAVE_FCNTL_H 1
| #define HAVE_STDIO_H 1
| #define HAVE_STDLIB_H 1
| #define HAVE_UNISTD_H 1
| #define HAVE_SYS_UIO_H 1
| #define HAVE_SYS_SELECT_H 1
| #define HAVE_SYS_SOCKET_H 1
| #define HAVE_SYS_IOCTL_H 1
| #define HAVE_SYS_TIME_H 1
| #define HAVE_ARPA_INET_H 1
| #define HAVE_NETINET_IN_H 1
| #define HAVE_SYS_UN_H 1
| #define HAVE_POLL 1
| #define HAVE_GETTIMEOFDAY 1
| #define HAVE_SELECT 1
| #define HAVE_STRTOLL 1
| /* end confdefs.h.  */
| /* Define memset_s to an innocuous variant, in case <limits.h> declares memset_s.
|    For example, HP-UX 11i <limits.h> declares gettimeofday.  */
| #define memset_s innocuous_memset_s
| 
| /* System header to define __stub macros and hopefully few prototypes,
|     which can conflict with char memset_s (); below.
|     Prefer <limits.h> to <assert.h> if __STDC__ is defined, since
|     <limits.h> exists even on freestanding compilers.  */
| 
| #ifdef __STDC__
| # include <limits.h>
| #else
| # include <assert.h>
| #endif
| 
| #undef memset_s
| 
| /* Override any GCC internal prototype to avoid an error.
|    Use char because int might match the return type of a GCC
|    builtin and then its argument prototype would still apply.  */
| #ifdef __cplusplus
| extern "C"
| #endif
| char memset_s ();
| /* The GNU C library defines this for functions which it implements
|     to always fail with ENOSYS.  Some functions are actually named
|     something starting with __ and the normal name is an alias.  */
| #if defined __stub_memset_s || defined __stub___memset_s
| choke me
| #endif
| 
| int
| main ()
| {
| return memset_s ();
|   ;
|   return 0;
| }
configure:17547: result: no
configure:17601: checking for size_t
configure:17601: mipsel-openwrt-linux-gcc -c -g -O2 -I/home/wei/openssl/include -I/home/wei/zlib//include conftest.c >&5
mipsel-openwrt-linux-uclibc-gcc.bin: warning: environment variable 'STAGING_DIR' not defined
configure:17601: $? = 0
configure:17601: mipsel-openwrt-linux-gcc -c -g -O2 -I/home/wei/openssl/include -I/home/wei/zlib//include conftest.c >&5
mipsel-openwrt-linux-uclibc-gcc.bin: warning: environment variable 'STAGING_DIR' not defined
conftest.c: In function 'main':
conftest.c:82:21: error: expected expression before ')' token
 if (sizeof ((size_t)))
                     ^
configure:17601: $? = 1
configure: failed program was:
| /* confdefs.h */
| #define PACKAGE_NAME "libssh2"
| #define PACKAGE_TARNAME "libssh2"
| #define PACKAGE_VERSION "-"
| #define PACKAGE_STRING "libssh2 -"
| #define PACKAGE_BUGREPORT "libssh2-devel@cool.haxx.se"
| #define PACKAGE_URL ""
| #define PACKAGE "libssh2"
| #define VERSION "-"
| #define STDC_HEADERS 1
| #define HAVE_SYS_TYPES_H 1
| #define HAVE_SYS_STAT_H 1
| #define HAVE_STDLIB_H 1
| #define HAVE_STRING_H 1
| #define HAVE_MEMORY_H 1
| #define HAVE_STRINGS_H 1
| #define HAVE_INTTYPES_H 1
| #define HAVE_STDINT_H 1
| #define HAVE_UNISTD_H 1
| #define HAVE_LONGLONG 1
| #define HAVE_DLFCN_H 1
| #define LT_OBJDIR ".libs/"
| #define _FILE_OFFSET_BITS 64
| #define HAVE_DECL_SECUREZEROMEMORY 0
| #define HAVE_LIBZ 1
| #define LIBSSH2_HAVE_ZLIB 1
| #define LIBSSH2_DH_GEX_NEW 1
| #define HAVE_ERRNO_H 1
| #define HAVE_FCNTL_H 1
| #define HAVE_STDIO_H 1
| #define HAVE_STDLIB_H 1
| #define HAVE_UNISTD_H 1
| #define HAVE_SYS_UIO_H 1
| #define HAVE_SYS_SELECT_H 1
| #define HAVE_SYS_SOCKET_H 1
| #define HAVE_SYS_IOCTL_H 1
| #define HAVE_SYS_TIME_H 1
| #define HAVE_ARPA_INET_H 1
| #define HAVE_NETINET_IN_H 1
| #define HAVE_SYS_UN_H 1
| #define HAVE_POLL 1
| #define HAVE_GETTIMEOFDAY 1
| #define HAVE_SELECT 1
| #define HAVE_STRTOLL 1
| /* end confdefs.h.  */
| #include <stdio.h>
| #ifdef HAVE_SYS_TYPES_H
| # include <sys/types.h>
| #endif
| #ifdef HAVE_SYS_STAT_H
| # include <sys/stat.h>
| #endif
| #ifdef STDC_HEADERS
| # include <stdlib.h>
| # include <stddef.h>
| #else
| # ifdef HAVE_STDLIB_H
| #  include <stdlib.h>
| # endif
| #endif
| #ifdef HAVE_STRING_H
| # if !defined STDC_HEADERS && defined HAVE_MEMORY_H
| #  include <memory.h>
| # endif
| # include <string.h>
| #endif
| #ifdef HAVE_STRINGS_H
| # include <strings.h>
| #endif
| #ifdef HAVE_INTTYPES_H
| # include <inttypes.h>
| #endif
| #ifdef HAVE_STDINT_H
| # include <stdint.h>
| #endif
| #ifdef HAVE_UNISTD_H
| # include <unistd.h>
| #endif
| int
| main ()
| {
| if (sizeof ((size_t)))
| 	    return 0;
|   ;
|   return 0;
| }
configure:17601: result: yes
configure:17614: checking for working alloca.h
configure:17631: mipsel-openwrt-linux-gcc -o conftest -g -O2 -I/home/wei/openssl/include -I/home/wei/zlib//include -L/home/wei/openssl/lib conftest.c  >&5
mipsel-openwrt-linux-uclibc-gcc.bin: warning: environment variable 'STAGING_DIR' not defined
mipsel-openwrt-linux-uclibc-gcc.bin: warning: environment variable 'STAGING_DIR' not defined
mipsel-openwrt-linux-uclibc-gcc.bin: warning: environment variable 'STAGING_DIR' not defined
configure:17631: $? = 0
configure:17639: result: yes
configure:17647: checking for alloca
configure:17684: mipsel-openwrt-linux-gcc -o conftest -g -O2 -I/home/wei/openssl/include -I/home/wei/zlib//include -L/home/wei/openssl/lib conftest.c  >&5
mipsel-openwrt-linux-uclibc-gcc.bin: warning: environment variable 'STAGING_DIR' not defined
mipsel-openwrt-linux-uclibc-gcc.bin: warning: environment variable 'STAGING_DIR' not defined
mipsel-openwrt-linux-uclibc-gcc.bin: warning: environment variable 'STAGING_DIR' not defined
configure:17684: $? = 0
configure:17692: result: yes
configure:17800: checking for an ANSI C-conforming const
configure:17866: mipsel-openwrt-linux-gcc -c -g -O2 -I/home/wei/openssl/include -I/home/wei/zlib//include conftest.c >&5
mipsel-openwrt-linux-uclibc-gcc.bin: warning: environment variable 'STAGING_DIR' not defined
configure:17866: $? = 0
configure:17873: result: yes
configure:17881: checking for inline
configure:17897: mipsel-openwrt-linux-gcc -c -g -O2 -I/home/wei/openssl/include -I/home/wei/zlib//include conftest.c >&5
mipsel-openwrt-linux-uclibc-gcc.bin: warning: environment variable 'STAGING_DIR' not defined
configure:17897: $? = 0
configure:17905: result: inline
configure:17925: checking non-blocking sockets style
configure:17963: mipsel-openwrt-linux-gcc -c -g -O2 -I/home/wei/openssl/include -I/home/wei/zlib//include conftest.c >&5
mipsel-openwrt-linux-uclibc-gcc.bin: warning: environment variable 'STAGING_DIR' not defined
configure:17963: $? = 0
configure:18124: result: O_NONBLOCK
configure:18142: ERROR: No openssl crypto library found!
No libgcrypt crypto library found!
No mbedtls crypto library found!
No wincng crypto library found!

Specify --with-crypto=$backend and/or the neccessary library search prefix.

Known crypto backends: auto, openssl, libgcrypt, mbedtls, wincng
configure:18148: error: Required dependencies are missing!

## ---------------- ##
## Cache variables. ##
## ---------------- ##

ac_cv_build=x86_64-pc-linux-uclibc
ac_cv_c_bigendian=no
ac_cv_c_compiler_gnu=yes
ac_cv_c_const=yes
ac_cv_c_inline=inline
ac_cv_env_CC_set=set
ac_cv_env_CC_value=mipsel-openwrt-linux-gcc
ac_cv_env_CFLAGS_set=
ac_cv_env_CFLAGS_value=
ac_cv_env_CPPFLAGS_set=set
ac_cv_env_CPPFLAGS_value=-I/home/wei/openssl/include
ac_cv_env_CPP_set=
ac_cv_env_CPP_value=
ac_cv_env_LDFLAGS_set=set
ac_cv_env_LDFLAGS_value=-L/home/wei/openssl/lib
ac_cv_env_LIBS_set=
ac_cv_env_LIBS_value=
ac_cv_env_build_alias_set=
ac_cv_env_build_alias_value=
ac_cv_env_host_alias_set=set
ac_cv_env_host_alias_value=mipsel-openwrt-linux
ac_cv_env_target_alias_set=
ac_cv_env_target_alias_value=
ac_cv_func_alloca_works=yes
ac_cv_func_gettimeofday=yes
ac_cv_func_memset_s=no
ac_cv_func_poll=yes
ac_cv_func_select=yes
ac_cv_func_strtoll=yes
ac_cv_have_decl_SecureZeroMemory=no
ac_cv_header_arpa_inet_h=yes
ac_cv_header_dlfcn_h=yes
ac_cv_header_errno_h=yes
ac_cv_header_fcntl_h=yes
ac_cv_header_inttypes_h=yes
ac_cv_header_memory_h=yes
ac_cv_header_netinet_in_h=yes
ac_cv_header_ntdef_h=no
ac_cv_header_ntstatus_h=no
ac_cv_header_stdc=yes
ac_cv_header_stdint_h=yes
ac_cv_header_stdio_h=yes
ac_cv_header_stdlib_h=yes
ac_cv_header_string_h=yes
ac_cv_header_strings_h=yes
ac_cv_header_sys_ioctl_h=yes
ac_cv_header_sys_select_h=yes
ac_cv_header_sys_socket_h=yes
ac_cv_header_sys_stat_h=yes
ac_cv_header_sys_time_h=yes
ac_cv_header_sys_types_h=yes
ac_cv_header_sys_uio_h=yes
ac_cv_header_sys_un_h=yes
ac_cv_header_unistd_h=yes
ac_cv_header_windows_h=no
ac_cv_header_winsock2_h=no
ac_cv_header_ws2tcpip_h=no
ac_cv_host=mipsel-openwrt-linux-gnu
ac_cv_libbcrypt=no
ac_cv_libcrypt32=no
ac_cv_libgcrypt=no
ac_cv_libmbedcrypto=no
ac_cv_libssl=no
ac_cv_libz=yes
ac_cv_objext=o
ac_cv_path_EGREP='/bin/grep -E'
ac_cv_path_FGREP='/bin/grep -F'
ac_cv_path_GREP=/bin/grep
ac_cv_path_SED=/bin/sed
ac_cv_path_install='/usr/bin/install -c'
ac_cv_path_mkdir=/bin/mkdir
ac_cv_prog_AR=mipsel-openwrt-linux-ar
ac_cv_prog_AWK=gawk
ac_cv_prog_CC=mipsel-openwrt-linux-gcc
ac_cv_prog_CPP='mipsel-openwrt-linux-gcc -E'
ac_cv_prog_DLLTOOL=dlltool
ac_cv_prog_OBJDUMP=objdump
ac_cv_prog_RANLIB=mipsel-openwrt-linux-ranlib
ac_cv_prog_STRIP=mipsel-openwrt-linux-strip
ac_cv_prog_ac_ct_MANIFEST_TOOL=mt
ac_cv_prog_cc_c89=
ac_cv_prog_cc_g=yes
ac_cv_prog_make_make_set=yes
ac_cv_search_inet_addr='none required'
ac_cv_search_socket='none required'
ac_cv_sys_file_offset_bits=64
ac_cv_sys_largefile_CC=no
ac_cv_type_long_long=yes
ac_cv_type_size_t=yes
ac_cv_working_alloca_h=yes
acl_cv_hardcode_direct=no
acl_cv_hardcode_libdir_flag_spec='${wl}-rpath ${wl}$libdir'
acl_cv_hardcode_libdir_separator=
acl_cv_hardcode_minus_L=no
acl_cv_libext=a
acl_cv_libname_spec='lib$name'
acl_cv_library_names_spec='$libname$shrext'
acl_cv_path_LD=/root/Desktop/CC_TOOLS/mipsel-openwrt-linux-uclibc/bin/ld
acl_cv_prog_gnu_ld=yes
acl_cv_rpath=done
acl_cv_shlibext=so
acl_cv_wl=-Wl,
am_cv_CC_dependencies_compiler_type=gcc3
am_cv_make_support_nested_variables=yes
am_cv_prog_cc_c_o=yes
lt_cv_ar_at_file=@
lt_cv_archive_cmds_need_lc=no
lt_cv_deplibs_check_method=pass_all
lt_cv_file_magic_cmd='$MAGIC_CMD'
lt_cv_file_magic_test_file=
lt_cv_ld_reload_flag=-r
lt_cv_nm_interface='BSD nm'
lt_cv_objdir=.libs
lt_cv_path_LD=/root/Desktop/CC_TOOLS/mipsel-openwrt-linux-uclibc/bin/ld
lt_cv_path_NM='/root/Desktop/CC_TOOLS/bin/mipsel-openwrt-linux-nm -B'
lt_cv_path_mainfest_tool=no
lt_cv_prog_compiler_c_o=yes
lt_cv_prog_compiler_pic='-fPIC -DPIC'
lt_cv_prog_compiler_pic_works=yes
lt_cv_prog_compiler_rtti_exceptions=no
lt_cv_prog_compiler_static_works=yes
lt_cv_prog_gnu_ld=yes
lt_cv_sharedlib_from_linklib_cmd='printf %s\n'
lt_cv_shlibpath_overrides_runpath=no
lt_cv_sys_global_symbol_pipe='sed -n -e '\''s/^.*[	 ]\([ABCDGIRSTW][ABCDGIRSTW]*\)[	 ][	 ]*\([_A-Za-z][_A-Za-z0-9]*\)$/\1 \2 \2/p'\'' | sed '\''/ __gnu_lto/d'\'''
lt_cv_sys_global_symbol_to_c_name_address='sed -n -e '\''s/^: \([^ ]*\)[ ]*$/  {\"\1\", (void *) 0},/p'\'' -e '\''s/^[ABCDGIRSTW]* \([^ ]*\) \([^ ]*\)$/  {"\2", (void *) \&\2},/p'\'''
lt_cv_sys_global_symbol_to_c_name_address_lib_prefix='sed -n -e '\''s/^: \([^ ]*\)[ ]*$/  {\"\1\", (void *) 0},/p'\'' -e '\''s/^[ABCDGIRSTW]* \([^ ]*\) \(lib[^ ]*\)$/  {"\2", (void *) \&\2},/p'\'' -e '\''s/^[ABCDGIRSTW]* \([^ ]*\) \([^ ]*\)$/  {"lib\2", (void *) \&\2},/p'\'''
lt_cv_sys_global_symbol_to_cdecl='sed -n -e '\''s/^T .* \(.*\)$/extern int \1();/p'\'' -e '\''s/^[ABCDGIRSTW]* .* \(.*\)$/extern char \1;/p'\'''
lt_cv_sys_max_cmd_len=1572864
lt_cv_to_host_file_cmd=func_convert_file_noop
lt_cv_to_tool_file_cmd=func_convert_file_noop

## ----------------- ##
## Output variables. ##
## ----------------- ##

ACLOCAL='${SHELL} /home/wei/libssh2-1.9.0/missing aclocal-1.14'
ALLOCA=''
AMDEPBACKSLASH='\'
AMDEP_FALSE='#'
AMDEP_TRUE=''
AMTAR='$${TAR-tar}'
AM_BACKSLASH='\'
AM_DEFAULT_V='$(AM_DEFAULT_VERBOSITY)'
AM_DEFAULT_VERBOSITY='0'
AM_V='$(V)'
AR='mipsel-openwrt-linux-ar'
AS='as'
AUTOCONF='${SHELL} /home/wei/libssh2-1.9.0/missing autoconf'
AUTOHEADER='${SHELL} /home/wei/libssh2-1.9.0/missing autoheader'
AUTOMAKE='${SHELL} /home/wei/libssh2-1.9.0/missing automake-1.14'
AWK='gawk'
BUILD_EXAMPLES_FALSE='#'
BUILD_EXAMPLES_TRUE=''
CC='mipsel-openwrt-linux-gcc'
CCDEPMODE='depmode=gcc3'
CFLAGS='-g -O2'
CPP='mipsel-openwrt-linux-gcc -E'
CPPFLAGS='-I/home/wei/openssl/include -I/home/wei/zlib//include'
CYGPATH_W='echo'
DEFS=''
DEPDIR='.deps'
DLLTOOL='dlltool'
DSYMUTIL=''
DUMPBIN=''
ECHO_C=''
ECHO_N='-n'
ECHO_T=''
EGREP='/bin/grep -E'
EXEEXT=''
FGREP='/bin/grep -F'
GREP='/bin/grep'
HAVE_LIBBCRYPT='no'
HAVE_LIBCRYPT32='no'
HAVE_LIBGCRYPT='no'
HAVE_LIBMBEDCRYPTO='no'
HAVE_LIBSSL='no'
HAVE_LIBZ='yes'
HAVE_SYS_UN_H_FALSE='#'
HAVE_SYS_UN_H_TRUE=''
INSTALL_DATA='${INSTALL} -m 644'
INSTALL_PROGRAM='${INSTALL}'
INSTALL_SCRIPT='${INSTALL}'
INSTALL_STRIP_PROGRAM='$(install_sh) -c -s'
LD='/root/Desktop/CC_TOOLS/mipsel-openwrt-linux-uclibc/bin/ld'
LDFLAGS='-L/home/wei/openssl/lib'
LIBBCRYPT=''
LIBBCRYPT_PREFIX=''
LIBCRYPT32=''
LIBCRYPT32_PREFIX=''
LIBGCRYPT=''
LIBGCRYPT_FALSE=''
LIBGCRYPT_PREFIX=''
LIBGCRYPT_TRUE='#'
LIBMBEDCRYPTO=''
LIBMBEDCRYPTO_PREFIX=''
LIBOBJS=''
LIBS=''
LIBSREQUIRED='zlib'
LIBSSH2VER='1.9.0'
LIBSSL=''
LIBSSL_PREFIX=''
LIBTOOL='$(SHELL) $(top_builddir)/libtool'
LIBZ='/home/wei/zlib//lib/libz.so -Wl,-rpath -Wl,/home/wei/zlib//lib'
LIBZ_PREFIX='/home/wei/zlib/'
LIPO=''
LN_S='ln -s'
LTLIBBCRYPT=''
LTLIBCRYPT32=''
LTLIBGCRYPT=''
LTLIBMBEDCRYPTO=''
LTLIBOBJS=''
LTLIBSSL=''
LTLIBZ='-L/home/wei/zlib//lib -lz -R/home/wei/zlib//lib'
MAINT='#'
MAINTAINER_MODE_FALSE=''
MAINTAINER_MODE_TRUE='#'
MAKEINFO='${SHELL} /home/wei/libssh2-1.9.0/missing makeinfo'
MANIFEST_TOOL=':'
MBEDTLS_FALSE=''
MBEDTLS_TRUE='#'
MKDIR_P='/bin/mkdir -p'
NM='/root/Desktop/CC_TOOLS/bin/mipsel-openwrt-linux-nm -B'
NMEDIT=''
OBJDUMP='objdump'
OBJEXT='o'
OPENSSL_FALSE=''
OPENSSL_TRUE='#'
OTOOL64=''
OTOOL=''
PACKAGE='libssh2'
PACKAGE_BUGREPORT='libssh2-devel@cool.haxx.se'
PACKAGE_NAME='libssh2'
PACKAGE_STRING='libssh2 -'
PACKAGE_TARNAME='libssh2'
PACKAGE_URL=''
PACKAGE_VERSION='-'
PATH_SEPARATOR=':'
RANLIB='mipsel-openwrt-linux-ranlib'
SED='/bin/sed'
SET_MAKE=''
SHELL='/bin/bash'
SSHD=''
SSHD_FALSE=''
SSHD_TRUE='#'
STRIP='mipsel-openwrt-linux-strip'
VERSION='-'
WINCNG_FALSE=''
WINCNG_TRUE='#'
ac_ct_AR=''
ac_ct_CC=''
ac_ct_DUMPBIN=''
am__EXEEXT_FALSE=''
am__EXEEXT_TRUE=''
am__fastdepCC_FALSE='#'
am__fastdepCC_TRUE=''
am__include='include'
am__isrc=''
am__leading_dot='.'
am__nodep='_no'
am__quote=''
am__tar='$${TAR-tar} chof - "$$tardir"'
am__untar='$${TAR-tar} xf -'
bindir='${exec_prefix}/bin'
build='x86_64-pc-linux-uclibc'
build_alias=''
build_cpu='x86_64'
build_os='linux-uclibc'
build_vendor='pc'
datadir='${datarootdir}'
datarootdir='${prefix}/share'
docdir='${datarootdir}/doc/${PACKAGE_TARNAME}'
dvidir='${docdir}'
exec_prefix='NONE'
host='mipsel-openwrt-linux-gnu'
host_alias='mipsel-openwrt-linux'
host_cpu='mipsel'
host_os='linux-gnu'
host_vendor='openwrt'
htmldir='${docdir}'
includedir='${prefix}/include'
infodir='${datarootdir}/info'
install_sh='${SHELL} /home/wei/libssh2-1.9.0/install-sh'
libdir='${exec_prefix}/lib'
libexecdir='${exec_prefix}/libexec'
localedir='${datarootdir}/locale'
localstatedir='${prefix}/var'
mandir='${datarootdir}/man'
mkdir_p='$(MKDIR_P)'
oldincludedir='/usr/include'
pdfdir='${docdir}'
prefix='/home/wei/libssh2'
program_transform_name='s,x,x,'
psdir='${docdir}'
sbindir='${exec_prefix}/sbin'
sharedstatedir='${prefix}/com'
sysconfdir='${prefix}/etc'
target_alias=''

## ----------- ##
## confdefs.h. ##
## ----------- ##

/* confdefs.h */
#define PACKAGE_NAME "libssh2"
#define PACKAGE_TARNAME "libssh2"
#define PACKAGE_VERSION "-"
#define PACKAGE_STRING "libssh2 -"
#define PACKAGE_BUGREPORT "libssh2-devel@cool.haxx.se"
#define PACKAGE_URL ""
#define PACKAGE "libssh2"
#define VERSION "-"
#define STDC_HEADERS 1
#define HAVE_SYS_TYPES_H 1
#define HAVE_SYS_STAT_H 1
#define HAVE_STDLIB_H 1
#define HAVE_STRING_H 1
#define HAVE_MEMORY_H 1
#define HAVE_STRINGS_H 1
#define HAVE_INTTYPES_H 1
#define HAVE_STDINT_H 1
#define HAVE_UNISTD_H 1
#define HAVE_LONGLONG 1
#define HAVE_DLFCN_H 1
#define LT_OBJDIR ".libs/"
#define _FILE_OFFSET_BITS 64
#define HAVE_DECL_SECUREZEROMEMORY 0
#define HAVE_LIBZ 1
#define LIBSSH2_HAVE_ZLIB 1
#define LIBSSH2_DH_GEX_NEW 1
#define HAVE_ERRNO_H 1
#define HAVE_FCNTL_H 1
#define HAVE_STDIO_H 1
#define HAVE_STDLIB_H 1
#define HAVE_UNISTD_H 1
#define HAVE_SYS_UIO_H 1
#define HAVE_SYS_SELECT_H 1
#define HAVE_SYS_SOCKET_H 1
#define HAVE_SYS_IOCTL_H 1
#define HAVE_SYS_TIME_H 1
#define HAVE_ARPA_INET_H 1
#define HAVE_NETINET_IN_H 1
#define HAVE_SYS_UN_H 1
#define HAVE_POLL 1
#define HAVE_GETTIMEOFDAY 1
#define HAVE_SELECT 1
#define HAVE_STRTOLL 1
#define HAVE_ALLOCA_H 1
#define HAVE_ALLOCA 1
#define HAVE_O_NONBLOCK 1

configure: exit 1
